{"C:\\BoykoBoev\\SoftUni\\SoftUni-AI-Assisted-Development-January-2026\\Exam-Budget-Tracker-App\\client\\src\\api\\requester.ts": {"path":"C:\\BoykoBoev\\SoftUni\\SoftUni-AI-Assisted-Development-January-2026\\Exam-Budget-Tracker-App\\client\\src\\api\\requester.ts","statementMap":{"0":{"start":{"line":3,"column":21},"end":{"line":3,"column":null}},"1":{"start":{"line":14,"column":4},"end":{"line":14,"column":null}},"2":{"start":{"line":15,"column":4},"end":{"line":15,"column":null}},"3":{"start":{"line":16,"column":4},"end":{"line":16,"column":null}},"4":{"start":{"line":17,"column":4},"end":{"line":17,"column":null}},"5":{"start":{"line":22,"column":8},"end":{"line":22,"column":40}},"6":{"start":{"line":24,"column":2},"end":{"line":25,"column":null}},"7":{"start":{"line":25,"column":4},"end":{"line":25,"column":null}},"8":{"start":{"line":28,"column":2},"end":{"line":51,"column":null}},"9":{"start":{"line":29,"column":21},"end":{"line":35,"column":6}},"10":{"start":{"line":37,"column":4},"end":{"line":39,"column":null}},"11":{"start":{"line":38,"column":6},"end":{"line":38,"column":null}},"12":{"start":{"line":39,"column":6},"end":{"line":39,"column":null}},"13":{"start":{"line":42,"column":17},"end":{"line":42,"column":38}},"14":{"start":{"line":43,"column":4},"end":{"line":45,"column":null}},"15":{"start":{"line":44,"column":6},"end":{"line":44,"column":null}},"16":{"start":{"line":45,"column":6},"end":{"line":45,"column":null}},"17":{"start":{"line":48,"column":4},"end":{"line":48,"column":null}},"18":{"start":{"line":50,"column":4},"end":{"line":50,"column":null}},"19":{"start":{"line":51,"column":4},"end":{"line":51,"column":null}},"20":{"start":{"line":59,"column":50},"end":{"line":59,"column":null}},"21":{"start":{"line":61,"column":42},"end":{"line":62,"column":null}},"22":{"start":{"line":66,"column":2},"end":{"line":68,"column":null}},"23":{"start":{"line":67,"column":28},"end":{"line":67,"column":null}},"24":{"start":{"line":68,"column":4},"end":{"line":68,"column":null}},"25":{"start":{"line":72,"column":2},"end":{"line":75,"column":null}},"26":{"start":{"line":73,"column":10},"end":{"line":73,"column":40}},"27":{"start":{"line":74,"column":4},"end":{"line":75,"column":null}},"28":{"start":{"line":75,"column":6},"end":{"line":75,"column":null}},"29":{"start":{"line":79,"column":14},"end":{"line":79,"column":null}},"30":{"start":{"line":81,"column":2},"end":{"line":131,"column":null}},"31":{"start":{"line":82,"column":19},"end":{"line":85,"column":6}},"32":{"start":{"line":88,"column":4},"end":{"line":101,"column":null}},"33":{"start":{"line":89,"column":29},"end":{"line":89,"column":55}},"34":{"start":{"line":91,"column":6},"end":{"line":101,"column":null}},"35":{"start":{"line":93,"column":8},"end":{"line":93,"column":null}},"36":{"start":{"line":94,"column":8},"end":{"line":97,"column":null}},"37":{"start":{"line":100,"column":8},"end":{"line":100,"column":null}},"38":{"start":{"line":101,"column":8},"end":{"line":101,"column":null}},"39":{"start":{"line":106,"column":24},"end":{"line":106,"column":60}},"40":{"start":{"line":109,"column":4},"end":{"line":112,"column":null}},"41":{"start":{"line":110,"column":6},"end":{"line":110,"column":null}},"42":{"start":{"line":112,"column":6},"end":{"line":112,"column":null}},"43":{"start":{"line":116,"column":4},"end":{"line":121,"column":null}},"44":{"start":{"line":117,"column":6},"end":{"line":121,"column":null}},"45":{"start":{"line":124,"column":4},"end":{"line":124,"column":null}},"46":{"start":{"line":126,"column":4},"end":{"line":127,"column":null}},"47":{"start":{"line":127,"column":6},"end":{"line":127,"column":null}},"48":{"start":{"line":131,"column":4},"end":{"line":131,"column":null}}},"fnMap":{"0":{"name":"(anonymous_0)","decl":{"start":{"line":13,"column":2},"end":{"line":13,"column":14}},"loc":{"start":{"line":13,"column":63},"end":{"line":17,"column":null}},"line":13},"1":{"name":"refreshAccessToken","decl":{"start":{"line":21,"column":15},"end":{"line":21,"column":60}},"loc":{"start":{"line":21,"column":60},"end":{"line":51,"column":null}},"line":21},"2":{"name":"requester","decl":{"start":{"line":55,"column":22},"end":{"line":55,"column":null}},"loc":{"start":{"line":58,"column":14},"end":{"line":131,"column":null}},"line":58}},"branchMap":{"0":{"loc":{"start":{"line":14,"column":10},"end":{"line":14,"column":33}},"type":"binary-expr","locations":[{"start":{"line":14,"column":10},"end":{"line":14,"column":21}},{"start":{"line":14,"column":21},"end":{"line":14,"column":33}}],"line":14},"1":{"loc":{"start":{"line":24,"column":2},"end":{"line":25,"column":null}},"type":"if","locations":[{"start":{"line":24,"column":2},"end":{"line":25,"column":null}},{"start":{},"end":{}}],"line":24},"2":{"loc":{"start":{"line":37,"column":4},"end":{"line":39,"column":null}},"type":"if","locations":[{"start":{"line":37,"column":4},"end":{"line":39,"column":null}},{"start":{},"end":{}}],"line":37},"3":{"loc":{"start":{"line":43,"column":4},"end":{"line":45,"column":null}},"type":"if","locations":[{"start":{"line":43,"column":4},"end":{"line":45,"column":null}},{"start":{},"end":{}}],"line":43},"4":{"loc":{"start":{"line":43,"column":8},"end":{"line":43,"column":37}},"type":"binary-expr","locations":[{"start":{"line":43,"column":8},"end":{"line":43,"column":23}},{"start":{"line":43,"column":23},"end":{"line":43,"column":37}}],"line":43},"5":{"loc":{"start":{"line":57,"column":2},"end":{"line":57,"column":30}},"type":"default-arg","locations":[{"start":{"line":57,"column":28},"end":{"line":57,"column":30}}],"line":57},"6":{"loc":{"start":{"line":59,"column":10},"end":{"line":59,"column":28}},"type":"default-arg","locations":[{"start":{"line":59,"column":21},"end":{"line":59,"column":28}}],"line":59},"7":{"loc":{"start":{"line":66,"column":2},"end":{"line":68,"column":null}},"type":"if","locations":[{"start":{"line":66,"column":2},"end":{"line":68,"column":null}},{"start":{},"end":{}}],"line":66},"8":{"loc":{"start":{"line":72,"column":2},"end":{"line":75,"column":null}},"type":"if","locations":[{"start":{"line":72,"column":2},"end":{"line":75,"column":null}},{"start":{},"end":{}}],"line":72},"9":{"loc":{"start":{"line":74,"column":4},"end":{"line":75,"column":null}},"type":"if","locations":[{"start":{"line":74,"column":4},"end":{"line":75,"column":null}},{"start":{},"end":{}}],"line":74},"10":{"loc":{"start":{"line":79,"column":14},"end":{"line":79,"column":null}},"type":"cond-expr","locations":[{"start":{"line":79,"column":44},"end":{"line":79,"column":55}},{"start":{"line":79,"column":55},"end":{"line":79,"column":null}}],"line":79},"11":{"loc":{"start":{"line":88,"column":4},"end":{"line":101,"column":null}},"type":"if","locations":[{"start":{"line":88,"column":4},"end":{"line":101,"column":null}},{"start":{},"end":{}}],"line":88},"12":{"loc":{"start":{"line":88,"column":8},"end":{"line":88,"column":46}},"type":"binary-expr","locations":[{"start":{"line":88,"column":8},"end":{"line":88,"column":35}},{"start":{"line":88,"column":35},"end":{"line":88,"column":46}}],"line":88},"13":{"loc":{"start":{"line":91,"column":6},"end":{"line":101,"column":null}},"type":"if","locations":[{"start":{"line":91,"column":6},"end":{"line":101,"column":null}},{"start":{"line":98,"column":13},"end":{"line":101,"column":null}}],"line":91},"14":{"loc":{"start":{"line":109,"column":4},"end":{"line":112,"column":null}},"type":"if","locations":[{"start":{"line":109,"column":4},"end":{"line":112,"column":null}},{"start":{"line":111,"column":11},"end":{"line":112,"column":null}}],"line":109},"15":{"loc":{"start":{"line":109,"column":8},"end":{"line":109,"column":63}},"type":"binary-expr","locations":[{"start":{"line":109,"column":8},"end":{"line":109,"column":23}},{"start":{"line":109,"column":23},"end":{"line":109,"column":63}}],"line":109},"16":{"loc":{"start":{"line":116,"column":4},"end":{"line":121,"column":null}},"type":"if","locations":[{"start":{"line":116,"column":4},"end":{"line":121,"column":null}},{"start":{},"end":{}}],"line":116},"17":{"loc":{"start":{"line":120,"column":8},"end":{"line":120,"column":62}},"type":"cond-expr","locations":[{"start":{"line":120,"column":35},"end":{"line":120,"column":42}},{"start":{"line":120,"column":42},"end":{"line":120,"column":62}}],"line":120},"18":{"loc":{"start":{"line":126,"column":4},"end":{"line":127,"column":null}},"type":"if","locations":[{"start":{"line":126,"column":4},"end":{"line":127,"column":null}},{"start":{},"end":{}}],"line":126}},"s":{"0":14,"1":5,"2":5,"3":5,"4":5,"5":3,"6":3,"7":1,"8":2,"9":2,"10":2,"11":1,"12":1,"13":1,"14":1,"15":1,"16":1,"17":0,"18":0,"19":0,"20":6,"21":6,"22":6,"23":0,"24":0,"25":6,"26":5,"27":5,"28":4,"29":6,"30":6,"31":6,"32":5,"33":3,"34":3,"35":1,"36":1,"37":2,"38":2,"39":3,"40":3,"41":3,"42":0,"43":3,"44":0,"45":3,"46":3,"47":2,"48":1},"f":{"0":5,"1":3,"2":6},"b":{"0":[5,2],"1":[1,2],"2":[1,1],"3":[1,0],"4":[1,1],"5":[6],"6":[6],"7":[0,6],"8":[5,1],"9":[4,1],"10":[0,6],"11":[3,2],"12":[5,3],"13":[1,2],"14":[3,0],"15":[3,3],"16":[0,3],"17":[0,0],"18":[2,1]},"meta":{"lastBranch":19,"lastFunction":3,"lastStatement":49,"seen":{"s:3:21:3:Infinity":0,"f:13:2:13:14":0,"s:14:4:14:Infinity":1,"b:14:10:14:21:14:21:14:33":0,"s:15:4:15:Infinity":2,"s:16:4:16:Infinity":3,"s:17:4:17:Infinity":4,"f:21:15:21:60":1,"s:22:8:22:40":5,"b:24:2:25:Infinity:undefined:undefined:undefined:undefined":1,"s:24:2:25:Infinity":6,"s:25:4:25:Infinity":7,"s:28:2:51:Infinity":8,"s:29:21:35:6":9,"b:37:4:39:Infinity:undefined:undefined:undefined:undefined":2,"s:37:4:39:Infinity":10,"s:38:6:38:Infinity":11,"s:39:6:39:Infinity":12,"s:42:17:42:38":13,"b:43:4:45:Infinity:undefined:undefined:undefined:undefined":3,"s:43:4:45:Infinity":14,"b:43:8:43:23:43:23:43:37":4,"s:44:6:44:Infinity":15,"s:45:6:45:Infinity":16,"s:48:4:48:Infinity":17,"s:50:4:50:Infinity":18,"s:51:4:51:Infinity":19,"f:55:22:55:Infinity":2,"b:57:28:57:30":5,"s:59:50:59:Infinity":20,"b:59:21:59:28":6,"s:61:42:62:Infinity":21,"b:66:2:68:Infinity:undefined:undefined:undefined:undefined":7,"s:66:2:68:Infinity":22,"s:67:28:67:Infinity":23,"s:68:4:68:Infinity":24,"b:72:2:75:Infinity:undefined:undefined:undefined:undefined":8,"s:72:2:75:Infinity":25,"s:73:10:73:40":26,"b:74:4:75:Infinity:undefined:undefined:undefined:undefined":9,"s:74:4:75:Infinity":27,"s:75:6:75:Infinity":28,"s:79:14:79:Infinity":29,"b:79:44:79:55:79:55:79:Infinity":10,"s:81:2:131:Infinity":30,"s:82:19:85:6":31,"b:88:4:101:Infinity:undefined:undefined:undefined:undefined":11,"s:88:4:101:Infinity":32,"b:88:8:88:35:88:35:88:46":12,"s:89:29:89:55":33,"b:91:6:101:Infinity:98:13:101:Infinity":13,"s:91:6:101:Infinity":34,"s:93:8:93:Infinity":35,"s:94:8:97:Infinity":36,"s:100:8:100:Infinity":37,"s:101:8:101:Infinity":38,"s:106:24:106:60":39,"b:109:4:112:Infinity:111:11:112:Infinity":14,"s:109:4:112:Infinity":40,"b:109:8:109:23:109:23:109:63":15,"s:110:6:110:Infinity":41,"s:112:6:112:Infinity":42,"b:116:4:121:Infinity:undefined:undefined:undefined:undefined":16,"s:116:4:121:Infinity":43,"s:117:6:121:Infinity":44,"b:120:35:120:42:120:42:120:62":17,"s:124:4:124:Infinity":45,"b:126:4:127:Infinity:undefined:undefined:undefined:undefined":18,"s:126:4:127:Infinity":46,"s:127:6:127:Infinity":47,"s:131:4:131:Infinity":48}}}
,"C:\\BoykoBoev\\SoftUni\\SoftUni-AI-Assisted-Development-January-2026\\Exam-Budget-Tracker-App\\client\\src\\components\\BudgetCard.tsx": {"path":"C:\\BoykoBoev\\SoftUni\\SoftUni-AI-Assisted-Development-January-2026\\Exam-Budget-Tracker-App\\client\\src\\components\\BudgetCard.tsx","statementMap":{"0":{"start":{"line":12,"column":13},"end":{"line":45,"column":null}},"1":{"start":{"line":13,"column":42},"end":{"line":13,"column":79}},"2":{"start":{"line":15,"column":2},"end":{"line":45,"column":null}},"3":{"start":{"line":22,"column":27},"end":{"line":22,"column":44}},"4":{"start":{"line":29,"column":27},"end":{"line":29,"column":46}}},"fnMap":{"0":{"name":"(anonymous_0)","decl":{"start":{"line":12,"column":13},"end":{"line":12,"column":54}},"loc":{"start":{"line":12,"column":87},"end":{"line":45,"column":null}},"line":12},"1":{"name":"(anonymous_1)","decl":{"start":{"line":22,"column":12},"end":{"line":22,"column":27}},"loc":{"start":{"line":22,"column":27},"end":{"line":22,"column":44}},"line":22},"2":{"name":"(anonymous_2)","decl":{"start":{"line":29,"column":12},"end":{"line":29,"column":27}},"loc":{"start":{"line":29,"column":27},"end":{"line":29,"column":46}},"line":29}},"branchMap":{"0":{"loc":{"start":{"line":37,"column":7},"end":{"line":37,"column":null}},"type":"binary-expr","locations":[{"start":{"line":37,"column":7},"end":{"line":37,"column":22}},{"start":{"line":37,"column":22},"end":{"line":37,"column":null}}],"line":37}},"s":{"0":3,"1":12,"2":12,"3":2,"4":1},"f":{"0":12,"1":2,"2":1},"b":{"0":[12,10]},"meta":{"lastBranch":1,"lastFunction":3,"lastStatement":5,"seen":{"s:12:13:45:Infinity":0,"f:12:13:12:54":0,"s:13:42:13:79":1,"s:15:2:45:Infinity":2,"f:22:12:22:27":1,"s:22:27:22:44":3,"f:29:12:29:27":2,"s:29:27:29:46":4,"b:37:7:37:22:37:22:37:Infinity":0}}}
,"C:\\BoykoBoev\\SoftUni\\SoftUni-AI-Assisted-Development-January-2026\\Exam-Budget-Tracker-App\\client\\src\\components\\BudgetList.tsx": {"path":"C:\\BoykoBoev\\SoftUni\\SoftUni-AI-Assisted-Development-January-2026\\Exam-Budget-Tracker-App\\client\\src\\components\\BudgetList.tsx","statementMap":{"0":{"start":{"line":20,"column":13},"end":{"line":136,"column":null}},"1":{"start":{"line":35,"column":2},"end":{"line":42,"column":null}},"2":{"start":{"line":36,"column":4},"end":{"line":42,"column":null}},"3":{"start":{"line":47,"column":2},"end":{"line":62,"column":null}},"4":{"start":{"line":48,"column":4},"end":{"line":62,"column":null}},"5":{"start":{"line":66,"column":18},"end":{"line":66,"column":null}},"6":{"start":{"line":68,"column":2},"end":{"line":136,"column":null}},"7":{"start":{"line":97,"column":14},"end":{"line":102,"column":null}},"8":{"start":{"line":125,"column":35},"end":{"line":125,"column":67}}},"fnMap":{"0":{"name":"(anonymous_0)","decl":{"start":{"line":20,"column":13},"end":{"line":20,"column":54}},"loc":{"start":{"line":32,"column":6},"end":{"line":136,"column":null}},"line":32},"1":{"name":"(anonymous_1)","decl":{"start":{"line":96,"column":21},"end":{"line":96,"column":26}},"loc":{"start":{"line":97,"column":14},"end":{"line":102,"column":null}},"line":97},"2":{"name":"(anonymous_2)","decl":{"start":{"line":125,"column":20},"end":{"line":125,"column":35}},"loc":{"start":{"line":125,"column":35},"end":{"line":125,"column":67}},"line":125}},"branchMap":{"0":{"loc":{"start":{"line":35,"column":2},"end":{"line":42,"column":null}},"type":"if","locations":[{"start":{"line":35,"column":2},"end":{"line":42,"column":null}},{"start":{},"end":{}}],"line":35},"1":{"loc":{"start":{"line":47,"column":2},"end":{"line":62,"column":null}},"type":"if","locations":[{"start":{"line":47,"column":2},"end":{"line":62,"column":null}},{"start":{},"end":{}}],"line":47},"2":{"loc":{"start":{"line":70,"column":7},"end":{"line":131,"column":null}},"type":"cond-expr","locations":[{"start":{"line":71,"column":8},"end":{"line":82,"column":null}},{"start":{"line":84,"column":8},"end":{"line":131,"column":null}}],"line":70},"3":{"loc":{"start":{"line":107,"column":11},"end":{"line":131,"column":null}},"type":"binary-expr","locations":[{"start":{"line":107,"column":11},"end":{"line":107,"column":null}},{"start":{"line":108,"column":12},"end":{"line":131,"column":null}}],"line":107},"4":{"loc":{"start":{"line":128,"column":23},"end":{"line":128,"column":null}},"type":"cond-expr","locations":[{"start":{"line":128,"column":36},"end":{"line":128,"column":52}},{"start":{"line":128,"column":52},"end":{"line":128,"column":null}}],"line":128}},"s":{"0":2,"1":8,"2":1,"3":7,"4":1,"5":6,"6":6,"7":5,"8":0},"f":{"0":8,"1":5,"2":0},"b":{"0":[1,7],"1":[1,6],"2":[2,4],"3":[4,1],"4":[0,1]},"meta":{"lastBranch":5,"lastFunction":3,"lastStatement":9,"seen":{"s:20:13:136:Infinity":0,"f:20:13:20:54":0,"b:35:2:42:Infinity:undefined:undefined:undefined:undefined":0,"s:35:2:42:Infinity":1,"s:36:4:42:Infinity":2,"b:47:2:62:Infinity:undefined:undefined:undefined:undefined":1,"s:47:2:62:Infinity":3,"s:48:4:62:Infinity":4,"s:66:18:66:Infinity":5,"s:68:2:136:Infinity":6,"b:71:8:82:Infinity:84:8:131:Infinity":2,"f:96:21:96:26":1,"s:97:14:102:Infinity":7,"b:107:11:107:Infinity:108:12:131:Infinity":3,"f:125:20:125:35":2,"s:125:35:125:67":8,"b:128:36:128:52:128:52:128:Infinity":4}}}
,"C:\\BoykoBoev\\SoftUni\\SoftUni-AI-Assisted-Development-January-2026\\Exam-Budget-Tracker-App\\client\\src\\components\\BudgetListContainer.tsx": {"path":"C:\\BoykoBoev\\SoftUni\\SoftUni-AI-Assisted-Development-January-2026\\Exam-Budget-Tracker-App\\client\\src\\components\\BudgetListContainer.tsx","statementMap":{"0":{"start":{"line":10,"column":13},"end":{"line":39,"column":null}},"1":{"start":{"line":23,"column":4},"end":{"line":24,"column":21}},"2":{"start":{"line":26,"column":2},"end":{"line":39,"column":null}}},"fnMap":{"0":{"name":"(anonymous_0)","decl":{"start":{"line":10,"column":13},"end":{"line":10,"column":72}},"loc":{"start":{"line":13,"column":6},"end":{"line":39,"column":null}},"line":13}},"branchMap":{},"s":{"0":1,"1":1,"2":1},"f":{"0":1},"b":{},"meta":{"lastBranch":0,"lastFunction":1,"lastStatement":3,"seen":{"s:10:13:39:Infinity":0,"f:10:13:10:72":0,"s:23:4:24:21":1,"s:26:2:39:Infinity":2}}}
,"C:\\BoykoBoev\\SoftUni\\SoftUni-AI-Assisted-Development-January-2026\\Exam-Budget-Tracker-App\\client\\src\\components\\Button.tsx": {"path":"C:\\BoykoBoev\\SoftUni\\SoftUni-AI-Assisted-Development-January-2026\\Exam-Budget-Tracker-App\\client\\src\\components\\Button.tsx","statementMap":{"0":{"start":{"line":11,"column":13},"end":{"line":24,"column":null}},"1":{"start":{"line":17,"column":2},"end":{"line":24,"column":null}}},"fnMap":{"0":{"name":"(anonymous_0)","decl":{"start":{"line":11,"column":13},"end":{"line":11,"column":46}},"loc":{"start":{"line":16,"column":6},"end":{"line":24,"column":null}},"line":16}},"branchMap":{"0":{"loc":{"start":{"line":14,"column":2},"end":{"line":14,"column":null}},"type":"default-arg","locations":[{"start":{"line":14,"column":12},"end":{"line":14,"column":null}}],"line":14},"1":{"loc":{"start":{"line":15,"column":2},"end":{"line":15,"column":null}},"type":"default-arg","locations":[{"start":{"line":15,"column":13},"end":{"line":15,"column":null}}],"line":15}},"s":{"0":1,"1":5},"f":{"0":5},"b":{"0":[5],"1":[5]},"meta":{"lastBranch":2,"lastFunction":1,"lastStatement":2,"seen":{"s:11:13:24:Infinity":0,"f:11:13:11:46":0,"b:14:12:14:Infinity":0,"b:15:13:15:Infinity":1,"s:17:2:24:Infinity":1}}}
,"C:\\BoykoBoev\\SoftUni\\SoftUni-AI-Assisted-Development-January-2026\\Exam-Budget-Tracker-App\\client\\src\\components\\LoginForm.tsx": {"path":"C:\\BoykoBoev\\SoftUni\\SoftUni-AI-Assisted-Development-January-2026\\Exam-Budget-Tracker-App\\client\\src\\components\\LoginForm.tsx","statementMap":{"0":{"start":{"line":11,"column":20},"end":{"line":17,"column":2}},"1":{"start":{"line":21,"column":13},"end":{"line":120,"column":null}},"2":{"start":{"line":22,"column":10},"end":{"line":22,"column":29}},"3":{"start":{"line":23,"column":23},"end":{"line":23,"column":47}},"4":{"start":{"line":24,"column":8},"end":{"line":24,"column":32}},"5":{"start":{"line":25,"column":20},"end":{"line":25,"column":51}},"6":{"start":{"line":26,"column":23},"end":{"line":26,"column":57}},"7":{"start":{"line":27,"column":8},"end":{"line":27,"column":52}},"8":{"start":{"line":33,"column":4},"end":{"line":36,"column":4}},"9":{"start":{"line":38,"column":2},"end":{"line":40,"column":null}},"10":{"start":{"line":39,"column":4},"end":{"line":39,"column":null}},"11":{"start":{"line":42,"column":19},"end":{"line":51,"column":null}},"12":{"start":{"line":43,"column":4},"end":{"line":51,"column":null}},"13":{"start":{"line":44,"column":6},"end":{"line":44,"column":null}},"14":{"start":{"line":45,"column":6},"end":{"line":45,"column":null}},"15":{"start":{"line":46,"column":6},"end":{"line":46,"column":null}},"16":{"start":{"line":47,"column":6},"end":{"line":47,"column":null}},"17":{"start":{"line":49,"column":6},"end":{"line":49,"column":null}},"18":{"start":{"line":51,"column":6},"end":{"line":51,"column":null}},"19":{"start":{"line":55,"column":2},"end":{"line":120,"column":null}},"20":{"start":{"line":67,"column":12},"end":{"line":67,"column":null}},"21":{"start":{"line":68,"column":12},"end":{"line":68,"column":null}},"22":{"start":{"line":94,"column":27},"end":{"line":94,"column":57}}},"fnMap":{"0":{"name":"(anonymous_0)","decl":{"start":{"line":21,"column":13},"end":{"line":21,"column":41}},"loc":{"start":{"line":21,"column":41},"end":{"line":120,"column":null}},"line":21},"1":{"name":"(anonymous_1)","decl":{"start":{"line":38,"column":2},"end":{"line":38,"column":18}},"loc":{"start":{"line":38,"column":18},"end":{"line":40,"column":7}},"line":38},"2":{"name":"(anonymous_2)","decl":{"start":{"line":42,"column":19},"end":{"line":42,"column":26}},"loc":{"start":{"line":42,"column":50},"end":{"line":51,"column":null}},"line":42},"3":{"name":"(anonymous_3)","decl":{"start":{"line":66,"column":10},"end":{"line":66,"column":16}},"loc":{"start":{"line":66,"column":22},"end":{"line":68,"column":null}},"line":66},"4":{"name":"(anonymous_4)","decl":{"start":{"line":94,"column":12},"end":{"line":94,"column":27}},"loc":{"start":{"line":94,"column":27},"end":{"line":94,"column":57}},"line":94}},"branchMap":{"0":{"loc":{"start":{"line":64,"column":35},"end":{"line":64,"column":null}},"type":"cond-expr","locations":[{"start":{"line":64,"column":53},"end":{"line":64,"column":75}},{"start":{"line":64,"column":75},"end":{"line":64,"column":null}}],"line":64},"1":{"loc":{"start":{"line":73,"column":9},"end":{"line":74,"column":null}},"type":"binary-expr","locations":[{"start":{"line":73,"column":9},"end":{"line":73,"column":null}},{"start":{"line":74,"column":10},"end":{"line":74,"column":null}}],"line":73},"2":{"loc":{"start":{"line":85,"column":18},"end":{"line":85,"column":null}},"type":"cond-expr","locations":[{"start":{"line":85,"column":33},"end":{"line":85,"column":42}},{"start":{"line":85,"column":42},"end":{"line":85,"column":null}}],"line":85},"3":{"loc":{"start":{"line":86,"column":37},"end":{"line":86,"column":null}},"type":"cond-expr","locations":[{"start":{"line":86,"column":55},"end":{"line":86,"column":77}},{"start":{"line":86,"column":77},"end":{"line":86,"column":null}}],"line":86},"4":{"loc":{"start":{"line":95,"column":24},"end":{"line":95,"column":null}},"type":"cond-expr","locations":[{"start":{"line":95,"column":39},"end":{"line":95,"column":57}},{"start":{"line":95,"column":57},"end":{"line":95,"column":null}}],"line":95},"5":{"loc":{"start":{"line":98,"column":13},"end":{"line":98,"column":null}},"type":"cond-expr","locations":[{"start":{"line":98,"column":28},"end":{"line":98,"column":36}},{"start":{"line":98,"column":36},"end":{"line":98,"column":null}}],"line":98},"6":{"loc":{"start":{"line":101,"column":9},"end":{"line":102,"column":null}},"type":"binary-expr","locations":[{"start":{"line":101,"column":9},"end":{"line":101,"column":null}},{"start":{"line":102,"column":10},"end":{"line":102,"column":null}}],"line":101},"7":{"loc":{"start":{"line":111,"column":9},"end":{"line":117,"column":null}},"type":"cond-expr","locations":[{"start":{"line":112,"column":10},"end":{"line":113,"column":null}},{"start":{"line":117,"column":10},"end":{"line":117,"column":null}}],"line":111}},"s":{"0":2,"1":2,"2":28,"3":28,"4":28,"5":28,"6":28,"7":28,"8":28,"9":28,"10":10,"11":28,"12":3,"13":3,"14":3,"15":1,"16":1,"17":1,"18":2,"19":28,"20":56,"21":56,"22":2},"f":{"0":28,"1":10,"2":3,"3":56,"4":2},"b":{"0":[2,26],"1":[28,2],"2":[1,27],"3":[3,25],"4":[1,27],"5":[1,27],"6":[28,3],"7":[1,27]},"meta":{"lastBranch":8,"lastFunction":5,"lastStatement":23,"seen":{"s:11:20:17:2":0,"s:21:13:120:Infinity":1,"f:21:13:21:41":0,"s:22:10:22:29":2,"s:23:23:23:47":3,"s:24:8:24:32":4,"s:25:20:25:51":5,"s:26:23:26:57":6,"s:27:8:27:52":7,"s:33:4:36:4":8,"s:38:2:40:Infinity":9,"f:38:2:38:18":1,"s:39:4:39:Infinity":10,"s:42:19:51:Infinity":11,"f:42:19:42:26":2,"s:43:4:51:Infinity":12,"s:44:6:44:Infinity":13,"s:45:6:45:Infinity":14,"s:46:6:46:Infinity":15,"s:47:6:47:Infinity":16,"s:49:6:49:Infinity":17,"s:51:6:51:Infinity":18,"s:55:2:120:Infinity":19,"b:64:53:64:75:64:75:64:Infinity":0,"f:66:10:66:16":3,"s:67:12:67:Infinity":20,"s:68:12:68:Infinity":21,"b:73:9:73:Infinity:74:10:74:Infinity":1,"b:85:33:85:42:85:42:85:Infinity":2,"b:86:55:86:77:86:77:86:Infinity":3,"f:94:12:94:27":4,"s:94:27:94:57":22,"b:95:39:95:57:95:57:95:Infinity":4,"b:98:28:98:36:98:36:98:Infinity":5,"b:101:9:101:Infinity:102:10:102:Infinity":6,"b:112:10:113:Infinity:117:10:117:Infinity":7}}}
,"C:\\BoykoBoev\\SoftUni\\SoftUni-AI-Assisted-Development-January-2026\\Exam-Budget-Tracker-App\\client\\src\\components\\ProtectedRoute.tsx": {"path":"C:\\BoykoBoev\\SoftUni\\SoftUni-AI-Assisted-Development-January-2026\\Exam-Budget-Tracker-App\\client\\src\\components\\ProtectedRoute.tsx","statementMap":{"0":{"start":{"line":9,"column":13},"end":{"line":25,"column":null}},"1":{"start":{"line":10,"column":27},"end":{"line":10,"column":50}},"2":{"start":{"line":12,"column":2},"end":{"line":17,"column":null}},"3":{"start":{"line":13,"column":4},"end":{"line":17,"column":null}},"4":{"start":{"line":21,"column":2},"end":{"line":22,"column":null}},"5":{"start":{"line":22,"column":4},"end":{"line":22,"column":null}},"6":{"start":{"line":25,"column":2},"end":{"line":25,"column":null}}},"fnMap":{"0":{"name":"(anonymous_0)","decl":{"start":{"line":9,"column":13},"end":{"line":9,"column":62}},"loc":{"start":{"line":9,"column":79},"end":{"line":25,"column":null}},"line":9}},"branchMap":{"0":{"loc":{"start":{"line":12,"column":2},"end":{"line":17,"column":null}},"type":"if","locations":[{"start":{"line":12,"column":2},"end":{"line":17,"column":null}},{"start":{},"end":{}}],"line":12},"1":{"loc":{"start":{"line":21,"column":2},"end":{"line":22,"column":null}},"type":"if","locations":[{"start":{"line":21,"column":2},"end":{"line":22,"column":null}},{"start":{},"end":{}}],"line":21}},"s":{"0":1,"1":3,"2":3,"3":1,"4":2,"5":1,"6":1},"f":{"0":3},"b":{"0":[1,2],"1":[1,1]},"meta":{"lastBranch":2,"lastFunction":1,"lastStatement":7,"seen":{"s:9:13:25:Infinity":0,"f:9:13:9:62":0,"s:10:27:10:50":1,"b:12:2:17:Infinity:undefined:undefined:undefined:undefined":0,"s:12:2:17:Infinity":2,"s:13:4:17:Infinity":3,"b:21:2:22:Infinity:undefined:undefined:undefined:undefined":1,"s:21:2:22:Infinity":4,"s:22:4:22:Infinity":5,"s:25:2:25:Infinity":6}}}
,"C:\\BoykoBoev\\SoftUni\\SoftUni-AI-Assisted-Development-January-2026\\Exam-Budget-Tracker-App\\client\\src\\components\\RegisterForm.tsx": {"path":"C:\\BoykoBoev\\SoftUni\\SoftUni-AI-Assisted-Development-January-2026\\Exam-Budget-Tracker-App\\client\\src\\components\\RegisterForm.tsx","statementMap":{"0":{"start":{"line":11,"column":23},"end":{"line":28,"column":4}},"1":{"start":{"line":25,"column":20},"end":{"line":25,"column":60}},"2":{"start":{"line":32,"column":13},"end":{"line":179,"column":null}},"3":{"start":{"line":33,"column":20},"end":{"line":33,"column":46}},"4":{"start":{"line":34,"column":23},"end":{"line":34,"column":47}},"5":{"start":{"line":35,"column":8},"end":{"line":35,"column":32}},"6":{"start":{"line":36,"column":20},"end":{"line":36,"column":51}},"7":{"start":{"line":37,"column":23},"end":{"line":37,"column":57}},"8":{"start":{"line":38,"column":30},"end":{"line":38,"column":71}},"9":{"start":{"line":39,"column":8},"end":{"line":39,"column":52}},"10":{"start":{"line":45,"column":4},"end":{"line":48,"column":4}},"11":{"start":{"line":50,"column":2},"end":{"line":52,"column":null}},"12":{"start":{"line":51,"column":4},"end":{"line":51,"column":null}},"13":{"start":{"line":54,"column":19},"end":{"line":65,"column":null}},"14":{"start":{"line":55,"column":4},"end":{"line":65,"column":null}},"15":{"start":{"line":56,"column":6},"end":{"line":56,"column":null}},"16":{"start":{"line":57,"column":6},"end":{"line":57,"column":null}},"17":{"start":{"line":58,"column":6},"end":{"line":58,"column":null}},"18":{"start":{"line":59,"column":6},"end":{"line":59,"column":null}},"19":{"start":{"line":61,"column":6},"end":{"line":63,"column":null}},"20":{"start":{"line":65,"column":6},"end":{"line":65,"column":null}},"21":{"start":{"line":69,"column":2},"end":{"line":179,"column":null}},"22":{"start":{"line":81,"column":12},"end":{"line":81,"column":null}},"23":{"start":{"line":82,"column":12},"end":{"line":82,"column":null}},"24":{"start":{"line":125,"column":27},"end":{"line":125,"column":57}},"25":{"start":{"line":153,"column":27},"end":{"line":153,"column":71}}},"fnMap":{"0":{"name":"(anonymous_0)","decl":{"start":{"line":25,"column":3},"end":{"line":25,"column":11}},"loc":{"start":{"line":25,"column":20},"end":{"line":25,"column":60}},"line":25},"1":{"name":"(anonymous_1)","decl":{"start":{"line":32,"column":13},"end":{"line":32,"column":44}},"loc":{"start":{"line":32,"column":44},"end":{"line":179,"column":null}},"line":32},"2":{"name":"(anonymous_2)","decl":{"start":{"line":50,"column":2},"end":{"line":50,"column":18}},"loc":{"start":{"line":50,"column":18},"end":{"line":52,"column":7}},"line":50},"3":{"name":"(anonymous_3)","decl":{"start":{"line":54,"column":19},"end":{"line":54,"column":26}},"loc":{"start":{"line":54,"column":53},"end":{"line":65,"column":null}},"line":54},"4":{"name":"(anonymous_4)","decl":{"start":{"line":80,"column":10},"end":{"line":80,"column":16}},"loc":{"start":{"line":80,"column":22},"end":{"line":82,"column":null}},"line":80},"5":{"name":"(anonymous_5)","decl":{"start":{"line":125,"column":12},"end":{"line":125,"column":27}},"loc":{"start":{"line":125,"column":27},"end":{"line":125,"column":57}},"line":125},"6":{"name":"(anonymous_6)","decl":{"start":{"line":153,"column":12},"end":{"line":153,"column":27}},"loc":{"start":{"line":153,"column":27},"end":{"line":153,"column":71}},"line":153}},"branchMap":{"0":{"loc":{"start":{"line":78,"column":35},"end":{"line":78,"column":null}},"type":"cond-expr","locations":[{"start":{"line":78,"column":53},"end":{"line":78,"column":75}},{"start":{"line":78,"column":75},"end":{"line":78,"column":null}}],"line":78},"1":{"loc":{"start":{"line":87,"column":9},"end":{"line":88,"column":null}},"type":"binary-expr","locations":[{"start":{"line":87,"column":9},"end":{"line":87,"column":null}},{"start":{"line":88,"column":10},"end":{"line":88,"column":null}}],"line":87},"2":{"loc":{"start":{"line":99,"column":35},"end":{"line":99,"column":null}},"type":"cond-expr","locations":[{"start":{"line":99,"column":50},"end":{"line":99,"column":72}},{"start":{"line":99,"column":72},"end":{"line":99,"column":null}}],"line":99},"3":{"loc":{"start":{"line":104,"column":9},"end":{"line":105,"column":null}},"type":"binary-expr","locations":[{"start":{"line":104,"column":9},"end":{"line":104,"column":null}},{"start":{"line":105,"column":10},"end":{"line":105,"column":null}}],"line":104},"4":{"loc":{"start":{"line":116,"column":18},"end":{"line":116,"column":null}},"type":"cond-expr","locations":[{"start":{"line":116,"column":33},"end":{"line":116,"column":42}},{"start":{"line":116,"column":42},"end":{"line":116,"column":null}}],"line":116},"5":{"loc":{"start":{"line":117,"column":37},"end":{"line":117,"column":null}},"type":"cond-expr","locations":[{"start":{"line":117,"column":55},"end":{"line":117,"column":77}},{"start":{"line":117,"column":77},"end":{"line":117,"column":null}}],"line":117},"6":{"loc":{"start":{"line":126,"column":24},"end":{"line":126,"column":null}},"type":"cond-expr","locations":[{"start":{"line":126,"column":39},"end":{"line":126,"column":57}},{"start":{"line":126,"column":57},"end":{"line":126,"column":null}}],"line":126},"7":{"loc":{"start":{"line":129,"column":13},"end":{"line":129,"column":null}},"type":"cond-expr","locations":[{"start":{"line":129,"column":28},"end":{"line":129,"column":36}},{"start":{"line":129,"column":36},"end":{"line":129,"column":null}}],"line":129},"8":{"loc":{"start":{"line":132,"column":9},"end":{"line":133,"column":null}},"type":"binary-expr","locations":[{"start":{"line":132,"column":9},"end":{"line":132,"column":null}},{"start":{"line":133,"column":10},"end":{"line":133,"column":null}}],"line":132},"9":{"loc":{"start":{"line":144,"column":18},"end":{"line":144,"column":null}},"type":"cond-expr","locations":[{"start":{"line":144,"column":40},"end":{"line":144,"column":49}},{"start":{"line":144,"column":49},"end":{"line":144,"column":null}}],"line":144},"10":{"loc":{"start":{"line":145,"column":37},"end":{"line":145,"column":null}},"type":"cond-expr","locations":[{"start":{"line":145,"column":62},"end":{"line":145,"column":84}},{"start":{"line":145,"column":84},"end":{"line":145,"column":null}}],"line":145},"11":{"loc":{"start":{"line":154,"column":24},"end":{"line":154,"column":null}},"type":"cond-expr","locations":[{"start":{"line":154,"column":46},"end":{"line":154,"column":64}},{"start":{"line":154,"column":64},"end":{"line":154,"column":null}}],"line":154},"12":{"loc":{"start":{"line":157,"column":13},"end":{"line":157,"column":null}},"type":"cond-expr","locations":[{"start":{"line":157,"column":35},"end":{"line":157,"column":43}},{"start":{"line":157,"column":43},"end":{"line":157,"column":null}}],"line":157},"13":{"loc":{"start":{"line":160,"column":9},"end":{"line":161,"column":null}},"type":"binary-expr","locations":[{"start":{"line":160,"column":9},"end":{"line":160,"column":null}},{"start":{"line":161,"column":10},"end":{"line":161,"column":null}}],"line":160},"14":{"loc":{"start":{"line":170,"column":9},"end":{"line":176,"column":null}},"type":"cond-expr","locations":[{"start":{"line":171,"column":10},"end":{"line":172,"column":null}},{"start":{"line":176,"column":10},"end":{"line":176,"column":null}}],"line":170}},"s":{"0":2,"1":5,"2":2,"3":25,"4":25,"5":25,"6":25,"7":25,"8":25,"9":25,"10":25,"11":25,"12":9,"13":25,"14":2,"15":2,"16":2,"17":1,"18":1,"19":1,"20":2,"21":25,"22":50,"23":50,"24":1,"25":1},"f":{"0":5,"1":25,"2":9,"3":2,"4":50,"5":1,"6":1},"b":{"0":[3,22],"1":[25,3],"2":[2,23],"3":[25,2],"4":[2,23],"5":[2,23],"6":[2,23],"7":[2,23],"8":[25,2],"9":[1,24],"10":[1,24],"11":[1,24],"12":[1,24],"13":[25,1],"14":[0,25]},"meta":{"lastBranch":15,"lastFunction":7,"lastStatement":26,"seen":{"s:11:23:28:4":0,"f:25:3:25:11":0,"s:25:20:25:60":1,"s:32:13:179:Infinity":2,"f:32:13:32:44":1,"s:33:20:33:46":3,"s:34:23:34:47":4,"s:35:8:35:32":5,"s:36:20:36:51":6,"s:37:23:37:57":7,"s:38:30:38:71":8,"s:39:8:39:52":9,"s:45:4:48:4":10,"s:50:2:52:Infinity":11,"f:50:2:50:18":2,"s:51:4:51:Infinity":12,"s:54:19:65:Infinity":13,"f:54:19:54:26":3,"s:55:4:65:Infinity":14,"s:56:6:56:Infinity":15,"s:57:6:57:Infinity":16,"s:58:6:58:Infinity":17,"s:59:6:59:Infinity":18,"s:61:6:63:Infinity":19,"s:65:6:65:Infinity":20,"s:69:2:179:Infinity":21,"b:78:53:78:75:78:75:78:Infinity":0,"f:80:10:80:16":4,"s:81:12:81:Infinity":22,"s:82:12:82:Infinity":23,"b:87:9:87:Infinity:88:10:88:Infinity":1,"b:99:50:99:72:99:72:99:Infinity":2,"b:104:9:104:Infinity:105:10:105:Infinity":3,"b:116:33:116:42:116:42:116:Infinity":4,"b:117:55:117:77:117:77:117:Infinity":5,"f:125:12:125:27":5,"s:125:27:125:57":24,"b:126:39:126:57:126:57:126:Infinity":6,"b:129:28:129:36:129:36:129:Infinity":7,"b:132:9:132:Infinity:133:10:133:Infinity":8,"b:144:40:144:49:144:49:144:Infinity":9,"b:145:62:145:84:145:84:145:Infinity":10,"f:153:12:153:27":6,"s:153:27:153:71":25,"b:154:46:154:64:154:64:154:Infinity":11,"b:157:35:157:43:157:43:157:Infinity":12,"b:160:9:160:Infinity:161:10:161:Infinity":13,"b:171:10:172:Infinity:176:10:176:Infinity":14}}}
,"C:\\BoykoBoev\\SoftUni\\SoftUni-AI-Assisted-Development-January-2026\\Exam-Budget-Tracker-App\\client\\src\\components\\Toast.tsx": {"path":"C:\\BoykoBoev\\SoftUni\\SoftUni-AI-Assisted-Development-January-2026\\Exam-Budget-Tracker-App\\client\\src\\components\\Toast.tsx","statementMap":{"0":{"start":{"line":14,"column":13},"end":{"line":68,"column":null}},"1":{"start":{"line":21,"column":2},"end":{"line":29,"column":null}},"2":{"start":{"line":22,"column":4},"end":{"line":27,"column":null}},"3":{"start":{"line":23,"column":20},"end":{"line":25,"column":18}},"4":{"start":{"line":24,"column":8},"end":{"line":24,"column":null}},"5":{"start":{"line":27,"column":6},"end":{"line":27,"column":null}},"6":{"start":{"line":27,"column":19},"end":{"line":27,"column":38}},"7":{"start":{"line":31,"column":2},"end":{"line":40,"column":null}},"8":{"start":{"line":32,"column":10},"end":{"line":34,"column":null}},"9":{"start":{"line":33,"column":6},"end":{"line":34,"column":null}},"10":{"start":{"line":34,"column":8},"end":{"line":34,"column":null}},"11":{"start":{"line":38,"column":4},"end":{"line":38,"column":null}},"12":{"start":{"line":39,"column":4},"end":{"line":39,"column":null}},"13":{"start":{"line":39,"column":17},"end":{"line":39,"column":68}},"14":{"start":{"line":42,"column":8},"end":{"line":53,"column":null}},"15":{"start":{"line":43,"column":4},"end":{"line":53,"column":null}},"16":{"start":{"line":45,"column":8},"end":{"line":45,"column":null}},"17":{"start":{"line":47,"column":8},"end":{"line":47,"column":null}},"18":{"start":{"line":49,"column":8},"end":{"line":49,"column":null}},"19":{"start":{"line":51,"column":8},"end":{"line":51,"column":null}},"20":{"start":{"line":53,"column":8},"end":{"line":53,"column":null}},"21":{"start":{"line":57,"column":2},"end":{"line":68,"column":null}},"22":{"start":{"line":63,"column":23},"end":{"line":63,"column":36}},"23":{"start":{"line":82,"column":13},"end":{"line":98,"column":null}},"24":{"start":{"line":86,"column":2},"end":{"line":98,"column":null}},"25":{"start":{"line":89,"column":8},"end":{"line":96,"column":null}}},"fnMap":{"0":{"name":"(anonymous_0)","decl":{"start":{"line":14,"column":13},"end":{"line":14,"column":44}},"loc":{"start":{"line":20,"column":6},"end":{"line":68,"column":null}},"line":20},"1":{"name":"(anonymous_1)","decl":{"start":{"line":21,"column":2},"end":{"line":21,"column":18}},"loc":{"start":{"line":21,"column":18},"end":{"line":29,"column":6}},"line":21},"2":{"name":"(anonymous_2)","decl":{"start":{"line":23,"column":20},"end":{"line":23,"column":37}},"loc":{"start":{"line":23,"column":37},"end":{"line":25,"column":18}},"line":23},"3":{"name":"(anonymous_3)","decl":{"start":{"line":27,"column":6},"end":{"line":27,"column":19}},"loc":{"start":{"line":27,"column":19},"end":{"line":27,"column":38}},"line":27},"4":{"name":"(anonymous_4)","decl":{"start":{"line":31,"column":2},"end":{"line":31,"column":18}},"loc":{"start":{"line":31,"column":18},"end":{"line":40,"column":6}},"line":31},"5":{"name":"(anonymous_5)","decl":{"start":{"line":32,"column":10},"end":{"line":32,"column":26}},"loc":{"start":{"line":32,"column":47},"end":{"line":34,"column":null}},"line":32},"6":{"name":"(anonymous_6)","decl":{"start":{"line":39,"column":4},"end":{"line":39,"column":17}},"loc":{"start":{"line":39,"column":17},"end":{"line":39,"column":68}},"line":39},"7":{"name":"(anonymous_7)","decl":{"start":{"line":42,"column":8},"end":{"line":42,"column":24}},"loc":{"start":{"line":42,"column":24},"end":{"line":53,"column":null}},"line":42},"8":{"name":"(anonymous_8)","decl":{"start":{"line":63,"column":8},"end":{"line":63,"column":23}},"loc":{"start":{"line":63,"column":23},"end":{"line":63,"column":36}},"line":63},"9":{"name":"(anonymous_9)","decl":{"start":{"line":82,"column":13},"end":{"line":82,"column":62}},"loc":{"start":{"line":85,"column":6},"end":{"line":98,"column":null}},"line":85},"10":{"name":"(anonymous_10)","decl":{"start":{"line":88,"column":14},"end":{"line":88,"column":19}},"loc":{"start":{"line":89,"column":8},"end":{"line":96,"column":null}},"line":89}},"branchMap":{"0":{"loc":{"start":{"line":18,"column":2},"end":{"line":18,"column":null}},"type":"default-arg","locations":[{"start":{"line":18,"column":13},"end":{"line":18,"column":null}}],"line":18},"1":{"loc":{"start":{"line":22,"column":4},"end":{"line":27,"column":null}},"type":"if","locations":[{"start":{"line":22,"column":4},"end":{"line":27,"column":null}},{"start":{},"end":{}}],"line":22},"2":{"loc":{"start":{"line":33,"column":6},"end":{"line":34,"column":null}},"type":"if","locations":[{"start":{"line":33,"column":6},"end":{"line":34,"column":null}},{"start":{},"end":{}}],"line":33},"3":{"loc":{"start":{"line":43,"column":4},"end":{"line":53,"column":null}},"type":"switch","locations":[{"start":{"line":44,"column":6},"end":{"line":45,"column":null}},{"start":{"line":46,"column":6},"end":{"line":47,"column":null}},{"start":{"line":48,"column":6},"end":{"line":49,"column":null}},{"start":{"line":50,"column":6},"end":{"line":51,"column":null}},{"start":{"line":52,"column":6},"end":{"line":53,"column":null}}],"line":43}},"s":{"0":10,"1":11,"2":10,"3":10,"4":1,"5":10,"6":10,"7":11,"8":10,"9":1,"10":1,"11":10,"12":10,"13":10,"14":11,"15":11,"16":4,"17":3,"18":0,"19":4,"20":0,"21":11,"22":2,"23":10,"24":21,"25":5},"f":{"0":11,"1":10,"2":1,"3":10,"4":10,"5":1,"6":10,"7":11,"8":2,"9":21,"10":5},"b":{"0":[11],"1":[10,0],"2":[1,0],"3":[4,3,0,4,0]},"meta":{"lastBranch":4,"lastFunction":11,"lastStatement":26,"seen":{"s:14:13:68:Infinity":0,"f:14:13:14:44":0,"b:18:13:18:Infinity":0,"s:21:2:29:Infinity":1,"f:21:2:21:18":1,"b:22:4:27:Infinity:undefined:undefined:undefined:undefined":1,"s:22:4:27:Infinity":2,"s:23:20:25:18":3,"f:23:20:23:37":2,"s:24:8:24:Infinity":4,"s:27:6:27:Infinity":5,"f:27:6:27:19":3,"s:27:19:27:38":6,"s:31:2:40:Infinity":7,"f:31:2:31:18":4,"s:32:10:34:Infinity":8,"f:32:10:32:26":5,"b:33:6:34:Infinity:undefined:undefined:undefined:undefined":2,"s:33:6:34:Infinity":9,"s:34:8:34:Infinity":10,"s:38:4:38:Infinity":11,"s:39:4:39:Infinity":12,"f:39:4:39:17":6,"s:39:17:39:68":13,"s:42:8:53:Infinity":14,"f:42:8:42:24":7,"b:44:6:45:Infinity:46:6:47:Infinity:48:6:49:Infinity:50:6:51:Infinity:52:6:53:Infinity":3,"s:43:4:53:Infinity":15,"s:45:8:45:Infinity":16,"s:47:8:47:Infinity":17,"s:49:8:49:Infinity":18,"s:51:8:51:Infinity":19,"s:53:8:53:Infinity":20,"s:57:2:68:Infinity":21,"f:63:8:63:23":8,"s:63:23:63:36":22,"s:82:13:98:Infinity":23,"f:82:13:82:62":9,"s:86:2:98:Infinity":24,"f:88:14:88:19":10,"s:89:8:96:Infinity":25}}}
,"C:\\BoykoBoev\\SoftUni\\SoftUni-AI-Assisted-Development-January-2026\\Exam-Budget-Tracker-App\\client\\src\\components\\BudgetForm\\BudgetForm.tsx": {"path":"C:\\BoykoBoev\\SoftUni\\SoftUni-AI-Assisted-Development-January-2026\\Exam-Budget-Tracker-App\\client\\src\\components\\BudgetForm\\BudgetForm.tsx","statementMap":{"0":{"start":{"line":11,"column":13},"end":{"line":124,"column":null}},"1":{"start":{"line":12,"column":65},"end":{"line":13,"column":40}},"2":{"start":{"line":15,"column":2},"end":{"line":16,"column":null}},"3":{"start":{"line":16,"column":4},"end":{"line":16,"column":null}},"4":{"start":{"line":19,"column":2},"end":{"line":124,"column":null}}},"fnMap":{"0":{"name":"(anonymous_0)","decl":{"start":{"line":11,"column":13},"end":{"line":11,"column":54}},"loc":{"start":{"line":11,"column":88},"end":{"line":124,"column":null}},"line":11}},"branchMap":{"0":{"loc":{"start":{"line":15,"column":2},"end":{"line":16,"column":null}},"type":"if","locations":[{"start":{"line":15,"column":2},"end":{"line":16,"column":null}},{"start":{},"end":{}}],"line":15},"1":{"loc":{"start":{"line":25,"column":13},"end":{"line":25,"column":null}},"type":"cond-expr","locations":[{"start":{"line":25,"column":26},"end":{"line":25,"column":42}},{"start":{"line":25,"column":42},"end":{"line":25,"column":null}}],"line":25},"2":{"loc":{"start":{"line":46,"column":46},"end":{"line":46,"column":null}},"type":"cond-expr","locations":[{"start":{"line":46,"column":61},"end":{"line":46,"column":90}},{"start":{"line":46,"column":90},"end":{"line":46,"column":null}}],"line":46},"3":{"loc":{"start":{"line":49,"column":13},"end":{"line":50,"column":null}},"type":"binary-expr","locations":[{"start":{"line":49,"column":13},"end":{"line":49,"column":null}},{"start":{"line":50,"column":14},"end":{"line":50,"column":null}}],"line":49},"4":{"loc":{"start":{"line":66,"column":13},"end":{"line":67,"column":null}},"type":"binary-expr","locations":[{"start":{"line":66,"column":13},"end":{"line":66,"column":null}},{"start":{"line":67,"column":14},"end":{"line":67,"column":null}}],"line":66},"5":{"loc":{"start":{"line":79,"column":46},"end":{"line":79,"column":null}},"type":"cond-expr","locations":[{"start":{"line":79,"column":60},"end":{"line":79,"column":89}},{"start":{"line":79,"column":89},"end":{"line":79,"column":null}}],"line":79},"6":{"loc":{"start":{"line":82,"column":13},"end":{"line":82,"column":null}},"type":"binary-expr","locations":[{"start":{"line":82,"column":13},"end":{"line":82,"column":28}},{"start":{"line":82,"column":28},"end":{"line":82,"column":null}}],"line":82},"7":{"loc":{"start":{"line":96,"column":46},"end":{"line":96,"column":null}},"type":"cond-expr","locations":[{"start":{"line":96,"column":70},"end":{"line":96,"column":99}},{"start":{"line":96,"column":99},"end":{"line":96,"column":null}}],"line":96},"8":{"loc":{"start":{"line":99,"column":13},"end":{"line":100,"column":null}},"type":"binary-expr","locations":[{"start":{"line":99,"column":13},"end":{"line":99,"column":null}},{"start":{"line":100,"column":14},"end":{"line":100,"column":null}}],"line":99},"9":{"loc":{"start":{"line":119,"column":15},"end":{"line":119,"column":null}},"type":"cond-expr","locations":[{"start":{"line":119,"column":27},"end":{"line":119,"column":41}},{"start":{"line":119,"column":41},"end":{"line":119,"column":null}}],"line":119},"10":{"loc":{"start":{"line":119,"column":41},"end":{"line":119,"column":null}},"type":"cond-expr","locations":[{"start":{"line":119,"column":54},"end":{"line":119,"column":72}},{"start":{"line":119,"column":72},"end":{"line":119,"column":null}}],"line":119}},"s":{"0":2,"1":25,"2":25,"3":7,"4":18},"f":{"0":25},"b":{"0":[7,18],"1":[2,16],"2":[1,17],"3":[25,1],"4":[25,0],"5":[1,17],"6":[25,1],"7":[2,16],"8":[25,2],"9":[2,16],"10":[0,16]},"meta":{"lastBranch":11,"lastFunction":1,"lastStatement":5,"seen":{"s:11:13:124:Infinity":0,"f:11:13:11:54":0,"s:12:65:13:40":1,"b:15:2:16:Infinity:undefined:undefined:undefined:undefined":0,"s:15:2:16:Infinity":2,"s:16:4:16:Infinity":3,"s:19:2:124:Infinity":4,"b:25:26:25:42:25:42:25:Infinity":1,"b:46:61:46:90:46:90:46:Infinity":2,"b:49:13:49:Infinity:50:14:50:Infinity":3,"b:66:13:66:Infinity:67:14:67:Infinity":4,"b:79:60:79:89:79:89:79:Infinity":5,"b:82:13:82:28:82:28:82:Infinity":6,"b:96:70:96:99:96:99:96:Infinity":7,"b:99:13:99:Infinity:100:14:100:Infinity":8,"b:119:27:119:41:119:41:119:Infinity":9,"b:119:54:119:72:119:72:119:Infinity":10}}}
,"C:\\BoykoBoev\\SoftUni\\SoftUni-AI-Assisted-Development-January-2026\\Exam-Budget-Tracker-App\\client\\src\\context\\AuthContext.tsx": {"path":"C:\\BoykoBoev\\SoftUni\\SoftUni-AI-Assisted-Development-January-2026\\Exam-Budget-Tracker-App\\client\\src\\context\\AuthContext.tsx","statementMap":{"0":{"start":{"line":23,"column":13},"end":{"line":23,"column":80}},"1":{"start":{"line":25,"column":13},"end":{"line":114,"column":null}},"2":{"start":{"line":26,"column":16},"end":{"line":26,"column":57}},"3":{"start":{"line":28,"column":8},"end":{"line":28,"column":38}},"4":{"start":{"line":31,"column":57},"end":{"line":32,"column":null}},"5":{"start":{"line":36,"column":8},"end":{"line":36,"column":42}},"6":{"start":{"line":37,"column":8},"end":{"line":37,"column":48}},"7":{"start":{"line":38,"column":8},"end":{"line":38,"column":44}},"8":{"start":{"line":40,"column":16},"end":{"line":56,"column":null}},"9":{"start":{"line":41,"column":4},"end":{"line":56,"column":null}},"10":{"start":{"line":42,"column":6},"end":{"line":42,"column":null}},"11":{"start":{"line":44,"column":23},"end":{"line":47,"column":8}},"12":{"start":{"line":49,"column":6},"end":{"line":49,"column":null}},"13":{"start":{"line":52,"column":6},"end":{"line":52,"column":null}},"14":{"start":{"line":54,"column":28},"end":{"line":54,"column":null}},"15":{"start":{"line":55,"column":6},"end":{"line":55,"column":null}},"16":{"start":{"line":56,"column":6},"end":{"line":56,"column":null}},"17":{"start":{"line":60,"column":19},"end":{"line":78,"column":null}},"18":{"start":{"line":66,"column":4},"end":{"line":78,"column":null}},"19":{"start":{"line":67,"column":6},"end":{"line":67,"column":null}},"20":{"start":{"line":69,"column":6},"end":{"line":74,"column":null}},"21":{"start":{"line":76,"column":28},"end":{"line":76,"column":null}},"22":{"start":{"line":77,"column":6},"end":{"line":77,"column":null}},"23":{"start":{"line":78,"column":6},"end":{"line":78,"column":null}},"24":{"start":{"line":82,"column":17},"end":{"line":93,"column":null}},"25":{"start":{"line":83,"column":10},"end":{"line":83,"column":42}},"26":{"start":{"line":85,"column":4},"end":{"line":93,"column":null}},"27":{"start":{"line":86,"column":6},"end":{"line":87,"column":null}},"28":{"start":{"line":87,"column":8},"end":{"line":87,"column":null}},"29":{"start":{"line":93,"column":6},"end":{"line":93,"column":null}},"30":{"start":{"line":97,"column":8},"end":{"line":98,"column":null}},"31":{"start":{"line":98,"column":4},"end":{"line":98,"column":null}},"32":{"start":{"line":101,"column":20},"end":{"line":101,"column":null}},"33":{"start":{"line":103,"column":33},"end":{"line":112,"column":null}},"34":{"start":{"line":114,"column":2},"end":{"line":114,"column":null}}},"fnMap":{"0":{"name":"(anonymous_0)","decl":{"start":{"line":25,"column":13},"end":{"line":25,"column":70}},"loc":{"start":{"line":25,"column":87},"end":{"line":114,"column":null}},"line":25},"1":{"name":"(anonymous_1)","decl":{"start":{"line":40,"column":16},"end":{"line":40,"column":23}},"loc":{"start":{"line":40,"column":62},"end":{"line":56,"column":null}},"line":40},"2":{"name":"(anonymous_2)","decl":{"start":{"line":60,"column":19},"end":{"line":60,"column":null}},"loc":{"start":{"line":65,"column":7},"end":{"line":78,"column":null}},"line":65},"3":{"name":"(anonymous_3)","decl":{"start":{"line":82,"column":17},"end":{"line":82,"column":29}},"loc":{"start":{"line":82,"column":29},"end":{"line":93,"column":null}},"line":82},"4":{"name":"(anonymous_4)","decl":{"start":{"line":97,"column":8},"end":{"line":97,"column":27}},"loc":{"start":{"line":97,"column":27},"end":{"line":98,"column":null}},"line":97}},"branchMap":{"0":{"loc":{"start":{"line":54,"column":28},"end":{"line":54,"column":null}},"type":"binary-expr","locations":[{"start":{"line":54,"column":28},"end":{"line":54,"column":103}},{"start":{"line":54,"column":103},"end":{"line":54,"column":172}},{"start":{"line":54,"column":172},"end":{"line":54,"column":null}}],"line":54},"1":{"loc":{"start":{"line":76,"column":28},"end":{"line":76,"column":null}},"type":"binary-expr","locations":[{"start":{"line":76,"column":28},"end":{"line":76,"column":103}},{"start":{"line":76,"column":103},"end":{"line":76,"column":172}},{"start":{"line":76,"column":172},"end":{"line":76,"column":null}}],"line":76},"2":{"loc":{"start":{"line":86,"column":6},"end":{"line":87,"column":null}},"type":"if","locations":[{"start":{"line":86,"column":6},"end":{"line":87,"column":null}},{"start":{},"end":{}}],"line":86},"3":{"loc":{"start":{"line":101,"column":20},"end":{"line":101,"column":null}},"type":"binary-expr","locations":[{"start":{"line":101,"column":20},"end":{"line":101,"column":37}},{"start":{"line":101,"column":37},"end":{"line":101,"column":null}}],"line":101},"4":{"loc":{"start":{"line":104,"column":10},"end":{"line":104,"column":null}},"type":"binary-expr","locations":[{"start":{"line":104,"column":10},"end":{"line":104,"column":18}},{"start":{"line":104,"column":18},"end":{"line":104,"column":null}}],"line":104}},"s":{"0":6,"1":6,"2":4,"3":4,"4":4,"5":4,"6":4,"7":4,"8":4,"9":1,"10":1,"11":1,"12":1,"13":1,"14":0,"15":0,"16":0,"17":4,"18":1,"19":1,"20":1,"21":0,"22":0,"23":0,"24":4,"25":1,"26":1,"27":1,"28":1,"29":1,"30":4,"31":0,"32":4,"33":4,"34":4},"f":{"0":4,"1":1,"2":1,"3":1,"4":0},"b":{"0":[0,0,0],"1":[0,0,0],"2":[1,0],"3":[4,0],"4":[4,3]},"meta":{"lastBranch":5,"lastFunction":5,"lastStatement":35,"seen":{"s:23:13:23:80":0,"s:25:13:114:Infinity":1,"f:25:13:25:70":0,"s:26:16:26:57":2,"s:28:8:28:38":3,"s:31:57:32:Infinity":4,"s:36:8:36:42":5,"s:37:8:37:48":6,"s:38:8:38:44":7,"s:40:16:56:Infinity":8,"f:40:16:40:23":1,"s:41:4:56:Infinity":9,"s:42:6:42:Infinity":10,"s:44:23:47:8":11,"s:49:6:49:Infinity":12,"s:52:6:52:Infinity":13,"s:54:28:54:Infinity":14,"b:54:28:54:103:54:103:54:172:54:172:54:Infinity":0,"s:55:6:55:Infinity":15,"s:56:6:56:Infinity":16,"s:60:19:78:Infinity":17,"f:60:19:60:Infinity":2,"s:66:4:78:Infinity":18,"s:67:6:67:Infinity":19,"s:69:6:74:Infinity":20,"s:76:28:76:Infinity":21,"b:76:28:76:103:76:103:76:172:76:172:76:Infinity":1,"s:77:6:77:Infinity":22,"s:78:6:78:Infinity":23,"s:82:17:93:Infinity":24,"f:82:17:82:29":3,"s:83:10:83:42":25,"s:85:4:93:Infinity":26,"b:86:6:87:Infinity:undefined:undefined:undefined:undefined":2,"s:86:6:87:Infinity":27,"s:87:8:87:Infinity":28,"s:93:6:93:Infinity":29,"s:97:8:98:Infinity":30,"f:97:8:97:27":4,"s:98:4:98:Infinity":31,"s:101:20:101:Infinity":32,"b:101:20:101:37:101:37:101:Infinity":3,"s:103:33:112:Infinity":33,"b:104:10:104:18:104:18:104:Infinity":4,"s:114:2:114:Infinity":34}}}
,"C:\\BoykoBoev\\SoftUni\\SoftUni-AI-Assisted-Development-January-2026\\Exam-Budget-Tracker-App\\client\\src\\context\\ToastContext.tsx": {"path":"C:\\BoykoBoev\\SoftUni\\SoftUni-AI-Assisted-Development-January-2026\\Exam-Budget-Tracker-App\\client\\src\\context\\ToastContext.tsx","statementMap":{"0":{"start":{"line":22,"column":13},"end":{"line":23,"column":null}},"1":{"start":{"line":26,"column":13},"end":{"line":89,"column":null}},"2":{"start":{"line":29,"column":17},"end":{"line":29,"column":51}},"3":{"start":{"line":31,"column":8},"end":{"line":33,"column":8}},"4":{"start":{"line":32,"column":4},"end":{"line":32,"column":null}},"5":{"start":{"line":35,"column":8},"end":{"line":37,"column":8}},"6":{"start":{"line":36,"column":4},"end":{"line":36,"column":null}},"7":{"start":{"line":36,"column":24},"end":{"line":36,"column":63}},"8":{"start":{"line":36,"column":47},"end":{"line":36,"column":63}},"9":{"start":{"line":39,"column":8},"end":{"line":45,"column":null}},"10":{"start":{"line":41,"column":17},"end":{"line":41,"column":29}},"11":{"start":{"line":42,"column":30},"end":{"line":42,"column":null}},"12":{"start":{"line":43,"column":6},"end":{"line":43,"column":null}},"13":{"start":{"line":43,"column":26},"end":{"line":43,"column":45}},"14":{"start":{"line":48,"column":8},"end":{"line":52,"column":null}},"15":{"start":{"line":50,"column":6},"end":{"line":50,"column":null}},"16":{"start":{"line":55,"column":8},"end":{"line":59,"column":null}},"17":{"start":{"line":57,"column":6},"end":{"line":57,"column":null}},"18":{"start":{"line":62,"column":8},"end":{"line":66,"column":null}},"19":{"start":{"line":64,"column":6},"end":{"line":64,"column":null}},"20":{"start":{"line":69,"column":8},"end":{"line":73,"column":null}},"21":{"start":{"line":71,"column":6},"end":{"line":71,"column":null}},"22":{"start":{"line":76,"column":34},"end":{"line":83,"column":null}},"23":{"start":{"line":85,"column":2},"end":{"line":89,"column":null}}},"fnMap":{"0":{"name":"(anonymous_0)","decl":{"start":{"line":26,"column":13},"end":{"line":26,"column":71}},"loc":{"start":{"line":28,"column":6},"end":{"line":89,"column":null}},"line":28},"1":{"name":"(anonymous_1)","decl":{"start":{"line":31,"column":21},"end":{"line":31,"column":39}},"loc":{"start":{"line":31,"column":39},"end":{"line":33,"column":7}},"line":31},"2":{"name":"(anonymous_2)","decl":{"start":{"line":35,"column":22},"end":{"line":35,"column":35}},"loc":{"start":{"line":35,"column":50},"end":{"line":37,"column":7}},"line":35},"3":{"name":"(anonymous_3)","decl":{"start":{"line":36,"column":4},"end":{"line":36,"column":15}},"loc":{"start":{"line":36,"column":24},"end":{"line":36,"column":63}},"line":36},"4":{"name":"(anonymous_4)","decl":{"start":{"line":36,"column":29},"end":{"line":36,"column":37}},"loc":{"start":{"line":36,"column":47},"end":{"line":36,"column":63}},"line":36},"5":{"name":"(anonymous_5)","decl":{"start":{"line":39,"column":20},"end":{"line":39,"column":null}},"loc":{"start":{"line":40,"column":59},"end":{"line":45,"column":5}},"line":40},"6":{"name":"(anonymous_6)","decl":{"start":{"line":43,"column":6},"end":{"line":43,"column":17}},"loc":{"start":{"line":43,"column":26},"end":{"line":43,"column":45}},"line":43},"7":{"name":"(anonymous_7)","decl":{"start":{"line":48,"column":22},"end":{"line":48,"column":null}},"loc":{"start":{"line":49,"column":44},"end":{"line":52,"column":5}},"line":49},"8":{"name":"(anonymous_8)","decl":{"start":{"line":55,"column":20},"end":{"line":55,"column":null}},"loc":{"start":{"line":56,"column":44},"end":{"line":59,"column":5}},"line":56},"9":{"name":"(anonymous_9)","decl":{"start":{"line":62,"column":19},"end":{"line":62,"column":null}},"loc":{"start":{"line":63,"column":44},"end":{"line":66,"column":5}},"line":63},"10":{"name":"(anonymous_10)","decl":{"start":{"line":69,"column":22},"end":{"line":69,"column":null}},"loc":{"start":{"line":70,"column":44},"end":{"line":73,"column":5}},"line":70}},"branchMap":{"0":{"loc":{"start":{"line":40,"column":39},"end":{"line":40,"column":59}},"type":"default-arg","locations":[{"start":{"line":40,"column":50},"end":{"line":40,"column":59}}],"line":40}},"s":{"0":9,"1":9,"2":19,"3":19,"4":2,"5":19,"6":1,"7":1,"8":1,"9":19,"10":2,"11":2,"12":2,"13":2,"14":19,"15":1,"16":19,"17":1,"18":19,"19":0,"20":19,"21":0,"22":19,"23":19},"f":{"0":19,"1":2,"2":1,"3":1,"4":1,"5":2,"6":2,"7":1,"8":1,"9":0,"10":0},"b":{"0":[2]},"meta":{"lastBranch":1,"lastFunction":11,"lastStatement":24,"seen":{"s:22:13:23:Infinity":0,"s:26:13:89:Infinity":1,"f:26:13:26:71":0,"s:29:17:29:51":2,"s:31:8:33:8":3,"f:31:21:31:39":1,"s:32:4:32:Infinity":4,"s:35:8:37:8":5,"f:35:22:35:35":2,"s:36:4:36:Infinity":6,"f:36:4:36:15":3,"s:36:24:36:63":7,"f:36:29:36:37":4,"s:36:47:36:63":8,"s:39:8:45:Infinity":9,"f:39:20:39:Infinity":5,"b:40:50:40:59":0,"s:41:17:41:29":10,"s:42:30:42:Infinity":11,"s:43:6:43:Infinity":12,"f:43:6:43:17":6,"s:43:26:43:45":13,"s:48:8:52:Infinity":14,"f:48:22:48:Infinity":7,"s:50:6:50:Infinity":15,"s:55:8:59:Infinity":16,"f:55:20:55:Infinity":8,"s:57:6:57:Infinity":17,"s:62:8:66:Infinity":18,"f:62:19:62:Infinity":9,"s:64:6:64:Infinity":19,"s:69:8:73:Infinity":20,"f:69:22:69:Infinity":10,"s:71:6:71:Infinity":21,"s:76:34:83:Infinity":22,"s:85:2:89:Infinity":23}}}
,"C:\\BoykoBoev\\SoftUni\\SoftUni-AI-Assisted-Development-January-2026\\Exam-Budget-Tracker-App\\client\\src\\hooks\\budgetKeys.ts": {"path":"C:\\BoykoBoev\\SoftUni\\SoftUni-AI-Assisted-Development-January-2026\\Exam-Budget-Tracker-App\\client\\src\\hooks\\budgetKeys.ts","statementMap":{"0":{"start":{"line":5,"column":26},"end":{"line":11,"column":null}},"1":{"start":{"line":7,"column":15},"end":{"line":7,"column":42}},"2":{"start":{"line":8,"column":14},"end":{"line":8,"column":32}},"3":{"start":{"line":9,"column":17},"end":{"line":9,"column":46}},"4":{"start":{"line":10,"column":27},"end":{"line":10,"column":null}}},"fnMap":{"0":{"name":"(anonymous_0)","decl":{"start":{"line":7,"column":2},"end":{"line":7,"column":15}},"loc":{"start":{"line":7,"column":15},"end":{"line":7,"column":42}},"line":7},"1":{"name":"(anonymous_1)","decl":{"start":{"line":8,"column":2},"end":{"line":8,"column":14}},"loc":{"start":{"line":8,"column":14},"end":{"line":8,"column":32}},"line":8},"2":{"name":"(anonymous_2)","decl":{"start":{"line":9,"column":2},"end":{"line":9,"column":17}},"loc":{"start":{"line":9,"column":17},"end":{"line":9,"column":46}},"line":9},"3":{"name":"(anonymous_3)","decl":{"start":{"line":10,"column":2},"end":{"line":10,"column":11}},"loc":{"start":{"line":10,"column":27},"end":{"line":10,"column":null}},"line":10}},"branchMap":{},"s":{"0":8,"1":11,"2":11,"3":27,"4":27},"f":{"0":11,"1":11,"2":27,"3":27},"b":{},"meta":{"lastBranch":0,"lastFunction":4,"lastStatement":5,"seen":{"s:5:26:11:Infinity":0,"f:7:2:7:15":0,"s:7:15:7:42":1,"f:8:2:8:14":1,"s:8:14:8:32":2,"f:9:2:9:17":2,"s:9:17:9:46":3,"f:10:2:10:11":3,"s:10:27:10:Infinity":4}}}
,"C:\\BoykoBoev\\SoftUni\\SoftUni-AI-Assisted-Development-January-2026\\Exam-Budget-Tracker-App\\client\\src\\hooks\\useAuth.ts": {"path":"C:\\BoykoBoev\\SoftUni\\SoftUni-AI-Assisted-Development-January-2026\\Exam-Budget-Tracker-App\\client\\src\\hooks\\useAuth.ts","statementMap":{"0":{"start":{"line":4,"column":13},"end":{"line":11,"column":null}},"1":{"start":{"line":5,"column":8},"end":{"line":5,"column":41}},"2":{"start":{"line":7,"column":2},"end":{"line":8,"column":null}},"3":{"start":{"line":8,"column":4},"end":{"line":8,"column":null}},"4":{"start":{"line":11,"column":2},"end":{"line":11,"column":null}}},"fnMap":{"0":{"name":"(anonymous_0)","decl":{"start":{"line":4,"column":13},"end":{"line":4,"column":29}},"loc":{"start":{"line":4,"column":29},"end":{"line":11,"column":null}},"line":4}},"branchMap":{"0":{"loc":{"start":{"line":7,"column":2},"end":{"line":8,"column":null}},"type":"if","locations":[{"start":{"line":7,"column":2},"end":{"line":8,"column":null}},{"start":{},"end":{}}],"line":7}},"s":{"0":6,"1":52,"2":52,"3":0,"4":52},"f":{"0":52},"b":{"0":[0,52]},"meta":{"lastBranch":1,"lastFunction":1,"lastStatement":5,"seen":{"s:4:13:11:Infinity":0,"f:4:13:4:29":0,"s:5:8:5:41":1,"b:7:2:8:Infinity:undefined:undefined:undefined:undefined":0,"s:7:2:8:Infinity":2,"s:8:4:8:Infinity":3,"s:11:2:11:Infinity":4}}}
,"C:\\BoykoBoev\\SoftUni\\SoftUni-AI-Assisted-Development-January-2026\\Exam-Budget-Tracker-App\\client\\src\\hooks\\useAuthMutations.ts": {"path":"C:\\BoykoBoev\\SoftUni\\SoftUni-AI-Assisted-Development-January-2026\\Exam-Budget-Tracker-App\\client\\src\\hooks\\useAuthMutations.ts","statementMap":{"0":{"start":{"line":6,"column":13},"end":{"line":10,"column":null}},"1":{"start":{"line":7,"column":2},"end":{"line":10,"column":null}},"2":{"start":{"line":8,"column":29},"end":{"line":9,"column":35}},"3":{"start":{"line":14,"column":13},"end":{"line":27,"column":null}},"4":{"start":{"line":15,"column":2},"end":{"line":27,"column":null}},"5":{"start":{"line":20,"column":6},"end":{"line":26,"column":66}},"6":{"start":{"line":31,"column":13},"end":{"line":38,"column":null}},"7":{"start":{"line":32,"column":2},"end":{"line":38,"column":null}},"8":{"start":{"line":42,"column":13},"end":{"line":55,"column":null}},"9":{"start":{"line":43,"column":8},"end":{"line":43,"column":38}},"10":{"start":{"line":45,"column":2},"end":{"line":55,"column":null}},"11":{"start":{"line":46,"column":17},"end":{"line":46,"column":66}},"12":{"start":{"line":49,"column":6},"end":{"line":49,"column":null}},"13":{"start":{"line":53,"column":6},"end":{"line":53,"column":null}},"14":{"start":{"line":59,"column":13},"end":{"line":61,"column":null}},"15":{"start":{"line":60,"column":8},"end":{"line":60,"column":38}},"16":{"start":{"line":61,"column":2},"end":{"line":61,"column":null}},"17":{"start":{"line":61,"column":15},"end":{"line":61,"column":83}},"18":{"start":{"line":65,"column":13},"end":{"line":68,"column":null}},"19":{"start":{"line":66,"column":8},"end":{"line":66,"column":38}},"20":{"start":{"line":67,"column":2},"end":{"line":68,"column":null}},"21":{"start":{"line":68,"column":4},"end":{"line":68,"column":null}}},"fnMap":{"0":{"name":"(anonymous_0)","decl":{"start":{"line":6,"column":13},"end":{"line":6,"column":38}},"loc":{"start":{"line":6,"column":38},"end":{"line":10,"column":null}},"line":6},"1":{"name":"(anonymous_1)","decl":{"start":{"line":8,"column":4},"end":{"line":8,"column":17}},"loc":{"start":{"line":8,"column":29},"end":{"line":9,"column":35}},"line":8},"2":{"name":"(anonymous_2)","decl":{"start":{"line":14,"column":13},"end":{"line":14,"column":41}},"loc":{"start":{"line":14,"column":41},"end":{"line":27,"column":null}},"line":14},"3":{"name":"(anonymous_3)","decl":{"start":{"line":16,"column":4},"end":{"line":16,"column":17}},"loc":{"start":{"line":20,"column":6},"end":{"line":26,"column":66}},"line":20},"4":{"name":"(anonymous_4)","decl":{"start":{"line":31,"column":13},"end":{"line":31,"column":36}},"loc":{"start":{"line":31,"column":64},"end":{"line":38,"column":null}},"line":31},"5":{"name":"(anonymous_5)","decl":{"start":{"line":42,"column":13},"end":{"line":42,"column":39}},"loc":{"start":{"line":42,"column":39},"end":{"line":55,"column":null}},"line":42},"6":{"name":"(anonymous_6)","decl":{"start":{"line":46,"column":4},"end":{"line":46,"column":17}},"loc":{"start":{"line":46,"column":17},"end":{"line":46,"column":66}},"line":46},"7":{"name":"(anonymous_7)","decl":{"start":{"line":47,"column":4},"end":{"line":47,"column":21}},"loc":{"start":{"line":47,"column":21},"end":{"line":49,"column":null}},"line":47},"8":{"name":"(anonymous_8)","decl":{"start":{"line":51,"column":4},"end":{"line":51,"column":19}},"loc":{"start":{"line":51,"column":19},"end":{"line":53,"column":null}},"line":51},"9":{"name":"(anonymous_9)","decl":{"start":{"line":59,"column":13},"end":{"line":59,"column":46}},"loc":{"start":{"line":59,"column":46},"end":{"line":61,"column":null}},"line":59},"10":{"name":"(anonymous_10)","decl":{"start":{"line":61,"column":2},"end":{"line":61,"column":15}},"loc":{"start":{"line":61,"column":15},"end":{"line":61,"column":83}},"line":61},"11":{"name":"(anonymous_11)","decl":{"start":{"line":65,"column":13},"end":{"line":65,"column":44}},"loc":{"start":{"line":65,"column":44},"end":{"line":68,"column":null}},"line":65},"12":{"name":"(anonymous_12)","decl":{"start":{"line":67,"column":2},"end":{"line":67,"column":10}},"loc":{"start":{"line":67,"column":25},"end":{"line":68,"column":null}},"line":67}},"branchMap":{"0":{"loc":{"start":{"line":31,"column":36},"end":{"line":31,"column":64}},"type":"default-arg","locations":[{"start":{"line":31,"column":55},"end":{"line":31,"column":64}}],"line":31}},"s":{"0":6,"1":1,"2":1,"3":6,"4":1,"5":1,"6":6,"7":1,"8":6,"9":3,"10":3,"11":2,"12":1,"13":1,"14":6,"15":0,"16":0,"17":0,"18":6,"19":0,"20":0,"21":0},"f":{"0":1,"1":1,"2":1,"3":1,"4":1,"5":3,"6":2,"7":1,"8":1,"9":0,"10":0,"11":0,"12":0},"b":{"0":[1]},"meta":{"lastBranch":1,"lastFunction":13,"lastStatement":22,"seen":{"s:6:13:10:Infinity":0,"f:6:13:6:38":0,"s:7:2:10:Infinity":1,"f:8:4:8:17":1,"s:8:29:9:35":2,"s:14:13:27:Infinity":3,"f:14:13:14:41":2,"s:15:2:27:Infinity":4,"f:16:4:16:17":3,"s:20:6:26:66":5,"s:31:13:38:Infinity":6,"f:31:13:31:36":4,"b:31:55:31:64":0,"s:32:2:38:Infinity":7,"s:42:13:55:Infinity":8,"f:42:13:42:39":5,"s:43:8:43:38":9,"s:45:2:55:Infinity":10,"f:46:4:46:17":6,"s:46:17:46:66":11,"f:47:4:47:21":7,"s:49:6:49:Infinity":12,"f:51:4:51:19":8,"s:53:6:53:Infinity":13,"s:59:13:61:Infinity":14,"f:59:13:59:46":9,"s:60:8:60:38":15,"s:61:2:61:Infinity":16,"f:61:2:61:15":10,"s:61:15:61:83":17,"s:65:13:68:Infinity":18,"f:65:13:65:44":11,"s:66:8:66:38":19,"s:67:2:68:Infinity":20,"f:67:2:67:10":12,"s:68:4:68:Infinity":21}}}
,"C:\\BoykoBoev\\SoftUni\\SoftUni-AI-Assisted-Development-January-2026\\Exam-Budget-Tracker-App\\client\\src\\hooks\\useBudget.ts": {"path":"C:\\BoykoBoev\\SoftUni\\SoftUni-AI-Assisted-Development-January-2026\\Exam-Budget-Tracker-App\\client\\src\\hooks\\useBudget.ts","statementMap":{"0":{"start":{"line":10,"column":13},"end":{"line":17,"column":null}},"1":{"start":{"line":11,"column":10},"end":{"line":11,"column":39}},"2":{"start":{"line":13,"column":2},"end":{"line":17,"column":null}},"3":{"start":{"line":15,"column":19},"end":{"line":15,"column":51}}},"fnMap":{"0":{"name":"(anonymous_0)","decl":{"start":{"line":10,"column":13},"end":{"line":10,"column":26}},"loc":{"start":{"line":10,"column":42},"end":{"line":17,"column":null}},"line":10},"1":{"name":"(anonymous_1)","decl":{"start":{"line":15,"column":4},"end":{"line":15,"column":19}},"loc":{"start":{"line":15,"column":19},"end":{"line":15,"column":51}},"line":15}},"branchMap":{"0":{"loc":{"start":{"line":16,"column":13},"end":{"line":16,"column":null}},"type":"binary-expr","locations":[{"start":{"line":16,"column":13},"end":{"line":16,"column":21}},{"start":{"line":16,"column":21},"end":{"line":16,"column":null}}],"line":16}},"s":{"0":2,"1":25,"2":25,"3":1},"f":{"0":25,"1":1},"b":{"0":[25,2]},"meta":{"lastBranch":1,"lastFunction":2,"lastStatement":4,"seen":{"s:10:13:17:Infinity":0,"f:10:13:10:26":0,"s:11:10:11:39":1,"s:13:2:17:Infinity":2,"f:15:4:15:19":1,"s:15:19:15:51":3,"b:16:13:16:21:16:21:16:Infinity":0}}}
,"C:\\BoykoBoev\\SoftUni\\SoftUni-AI-Assisted-Development-January-2026\\Exam-Budget-Tracker-App\\client\\src\\hooks\\useBudgetCard.ts": {"path":"C:\\BoykoBoev\\SoftUni\\SoftUni-AI-Assisted-Development-January-2026\\Exam-Budget-Tracker-App\\client\\src\\hooks\\useBudgetCard.ts","statementMap":{"0":{"start":{"line":10,"column":13},"end":{"line":35,"column":null}},"1":{"start":{"line":11,"column":2},"end":{"line":35,"column":null}},"2":{"start":{"line":12,"column":17},"end":{"line":12,"column":38}},"3":{"start":{"line":13,"column":26},"end":{"line":17,"column":6}},"4":{"start":{"line":19,"column":28},"end":{"line":22,"column":48}},"5":{"start":{"line":24,"column":24},"end":{"line":28,"column":null}},"6":{"start":{"line":30,"column":4},"end":{"line":34,"column":null}}},"fnMap":{"0":{"name":"(anonymous_0)","decl":{"start":{"line":10,"column":13},"end":{"line":10,"column":30}},"loc":{"start":{"line":10,"column":70},"end":{"line":35,"column":null}},"line":10},"1":{"name":"(anonymous_1)","decl":{"start":{"line":11,"column":9},"end":{"line":11,"column":23}},"loc":{"start":{"line":11,"column":23},"end":{"line":35,"column":6}},"line":11}},"branchMap":{"0":{"loc":{"start":{"line":24,"column":24},"end":{"line":28,"column":null}},"type":"cond-expr","locations":[{"start":{"line":25,"column":8},"end":{"line":27,"column":null}},{"start":{"line":28,"column":8},"end":{"line":28,"column":null}}],"line":24},"1":{"loc":{"start":{"line":25,"column":8},"end":{"line":27,"column":null}},"type":"cond-expr","locations":[{"start":{"line":26,"column":10},"end":{"line":26,"column":null}},{"start":{"line":27,"column":10},"end":{"line":27,"column":null}}],"line":25}},"s":{"0":3,"1":12,"2":12,"3":12,"4":12,"5":12,"6":12},"f":{"0":12,"1":12},"b":{"0":[10,2],"1":[1,9]},"meta":{"lastBranch":2,"lastFunction":2,"lastStatement":7,"seen":{"s:10:13:35:Infinity":0,"f:10:13:10:30":0,"s:11:2:35:Infinity":1,"f:11:9:11:23":1,"s:12:17:12:38":2,"s:13:26:17:6":3,"s:19:28:22:48":4,"s:24:24:28:Infinity":5,"b:25:8:27:Infinity:28:8:28:Infinity":0,"b:26:10:26:Infinity:27:10:27:Infinity":1,"s:30:4:34:Infinity":6}}}
,"C:\\BoykoBoev\\SoftUni\\SoftUni-AI-Assisted-Development-January-2026\\Exam-Budget-Tracker-App\\client\\src\\hooks\\useBudgetDashboard.ts": {"path":"C:\\BoykoBoev\\SoftUni\\SoftUni-AI-Assisted-Development-January-2026\\Exam-Budget-Tracker-App\\client\\src\\hooks\\useBudgetDashboard.ts","statementMap":{"0":{"start":{"line":11,"column":13},"end":{"line":36,"column":null}},"1":{"start":{"line":12,"column":21},"end":{"line":12,"column":53}},"2":{"start":{"line":13,"column":27},"end":{"line":13,"column":79}},"3":{"start":{"line":15,"column":8},"end":{"line":17,"column":null}},"4":{"start":{"line":16,"column":4},"end":{"line":16,"column":null}},"5":{"start":{"line":17,"column":4},"end":{"line":17,"column":null}},"6":{"start":{"line":20,"column":8},"end":{"line":22,"column":null}},"7":{"start":{"line":21,"column":4},"end":{"line":21,"column":null}},"8":{"start":{"line":22,"column":4},"end":{"line":22,"column":null}},"9":{"start":{"line":25,"column":8},"end":{"line":27,"column":null}},"10":{"start":{"line":26,"column":4},"end":{"line":26,"column":null}},"11":{"start":{"line":27,"column":4},"end":{"line":27,"column":null}},"12":{"start":{"line":30,"column":2},"end":{"line":36,"column":null}}},"fnMap":{"0":{"name":"(anonymous_0)","decl":{"start":{"line":11,"column":13},"end":{"line":11,"column":66}},"loc":{"start":{"line":11,"column":66},"end":{"line":36,"column":null}},"line":11},"1":{"name":"(anonymous_1)","decl":{"start":{"line":15,"column":8},"end":{"line":15,"column":31}},"loc":{"start":{"line":15,"column":31},"end":{"line":17,"column":null}},"line":15},"2":{"name":"(anonymous_2)","decl":{"start":{"line":20,"column":8},"end":{"line":20,"column":24}},"loc":{"start":{"line":20,"column":45},"end":{"line":22,"column":null}},"line":20},"3":{"name":"(anonymous_3)","decl":{"start":{"line":25,"column":8},"end":{"line":25,"column":26}},"loc":{"start":{"line":25,"column":26},"end":{"line":27,"column":null}},"line":25}},"branchMap":{},"s":{"0":1,"1":5,"2":5,"3":5,"4":2,"5":2,"6":5,"7":0,"8":0,"9":5,"10":1,"11":1,"12":5},"f":{"0":5,"1":2,"2":0,"3":1},"b":{},"meta":{"lastBranch":0,"lastFunction":4,"lastStatement":13,"seen":{"s:11:13:36:Infinity":0,"f:11:13:11:66":0,"s:12:21:12:53":1,"s:13:27:13:79":2,"s:15:8:17:Infinity":3,"f:15:8:15:31":1,"s:16:4:16:Infinity":4,"s:17:4:17:Infinity":5,"s:20:8:22:Infinity":6,"f:20:8:20:24":2,"s:21:4:21:Infinity":7,"s:22:4:22:Infinity":8,"s:25:8:27:Infinity":9,"f:25:8:25:26":3,"s:26:4:26:Infinity":10,"s:27:4:27:Infinity":11,"s:30:2:36:Infinity":12}}}
,"C:\\BoykoBoev\\SoftUni\\SoftUni-AI-Assisted-Development-January-2026\\Exam-Budget-Tracker-App\\client\\src\\hooks\\useBudgetForm.ts": {"path":"C:\\BoykoBoev\\SoftUni\\SoftUni-AI-Assisted-Development-January-2026\\Exam-Budget-Tracker-App\\client\\src\\hooks\\useBudgetForm.ts","statementMap":{"0":{"start":{"line":23,"column":13},"end":{"line":74,"column":null}},"1":{"start":{"line":24,"column":21},"end":{"line":24,"column":null}},"2":{"start":{"line":25,"column":39},"end":{"line":25,"column":78}},"3":{"start":{"line":26,"column":8},"end":{"line":26,"column":42}},"4":{"start":{"line":27,"column":8},"end":{"line":27,"column":50}},"5":{"start":{"line":29,"column":20},"end":{"line":29,"column":null}},"6":{"start":{"line":35,"column":17},"end":{"line":39,"column":4}},"7":{"start":{"line":41,"column":2},"end":{"line":50,"column":null}},"8":{"start":{"line":42,"column":4},"end":{"line":48,"column":null}},"9":{"start":{"line":43,"column":6},"end":{"line":48,"column":null}},"10":{"start":{"line":52,"column":2},"end":{"line":57,"column":null}},"11":{"start":{"line":53,"column":4},"end":{"line":55,"column":null}},"12":{"start":{"line":54,"column":6},"end":{"line":54,"column":null}},"13":{"start":{"line":55,"column":6},"end":{"line":55,"column":null}},"14":{"start":{"line":59,"column":8},"end":{"line":63,"column":null}},"15":{"start":{"line":60,"column":4},"end":{"line":63,"column":null}},"16":{"start":{"line":61,"column":6},"end":{"line":61,"column":null}},"17":{"start":{"line":63,"column":6},"end":{"line":63,"column":null}},"18":{"start":{"line":67,"column":2},"end":{"line":74,"column":null}}},"fnMap":{"0":{"name":"(anonymous_0)","decl":{"start":{"line":23,"column":13},"end":{"line":23,"column":30}},"loc":{"start":{"line":23,"column":99},"end":{"line":74,"column":null}},"line":23},"1":{"name":"(anonymous_1)","decl":{"start":{"line":41,"column":2},"end":{"line":41,"column":18}},"loc":{"start":{"line":41,"column":18},"end":{"line":50,"column":6}},"line":41},"2":{"name":"(anonymous_2)","decl":{"start":{"line":52,"column":2},"end":{"line":52,"column":18}},"loc":{"start":{"line":52,"column":18},"end":{"line":57,"column":6}},"line":52},"3":{"name":"(anonymous_3)","decl":{"start":{"line":59,"column":8},"end":{"line":59,"column":20}},"loc":{"start":{"line":59,"column":45},"end":{"line":63,"column":null}},"line":59}},"branchMap":{"0":{"loc":{"start":{"line":29,"column":20},"end":{"line":29,"column":null}},"type":"binary-expr","locations":[{"start":{"line":29,"column":20},"end":{"line":29,"column":39}},{"start":{"line":29,"column":39},"end":{"line":29,"column":67}},{"start":{"line":29,"column":67},"end":{"line":29,"column":null}}],"line":29},"1":{"loc":{"start":{"line":42,"column":4},"end":{"line":48,"column":null}},"type":"if","locations":[{"start":{"line":42,"column":4},"end":{"line":48,"column":null}},{"start":{},"end":{}}],"line":42},"2":{"loc":{"start":{"line":42,"column":8},"end":{"line":42,"column":34}},"type":"binary-expr","locations":[{"start":{"line":42,"column":8},"end":{"line":42,"column":22}},{"start":{"line":42,"column":22},"end":{"line":42,"column":34}}],"line":42},"3":{"loc":{"start":{"line":53,"column":4},"end":{"line":55,"column":null}},"type":"if","locations":[{"start":{"line":53,"column":4},"end":{"line":55,"column":null}},{"start":{},"end":{}}],"line":53},"4":{"loc":{"start":{"line":53,"column":8},"end":{"line":53,"column":62}},"type":"binary-expr","locations":[{"start":{"line":53,"column":8},"end":{"line":53,"column":36}},{"start":{"line":53,"column":36},"end":{"line":53,"column":62}}],"line":53},"5":{"loc":{"start":{"line":60,"column":4},"end":{"line":63,"column":null}},"type":"if","locations":[{"start":{"line":60,"column":4},"end":{"line":63,"column":null}},{"start":{"line":62,"column":11},"end":{"line":63,"column":null}}],"line":60}},"s":{"0":2,"1":25,"2":25,"3":25,"4":25,"5":25,"6":25,"7":25,"8":10,"9":0,"10":25,"11":13,"12":0,"13":0,"14":25,"15":0,"16":0,"17":0,"18":25},"f":{"0":25,"1":10,"2":13,"3":0},"b":{"0":[25,23,23],"1":[0,10],"2":[10,1],"3":[0,13],"4":[13,13],"5":[0,0]},"meta":{"lastBranch":6,"lastFunction":4,"lastStatement":19,"seen":{"s:23:13:74:Infinity":0,"f:23:13:23:30":0,"s:24:21:24:Infinity":1,"s:25:39:25:78":2,"s:26:8:26:42":3,"s:27:8:27:50":4,"s:29:20:29:Infinity":5,"b:29:20:29:39:29:39:29:67:29:67:29:Infinity":0,"s:35:17:39:4":6,"s:41:2:50:Infinity":7,"f:41:2:41:18":1,"b:42:4:48:Infinity:undefined:undefined:undefined:undefined":1,"s:42:4:48:Infinity":8,"b:42:8:42:22:42:22:42:34":2,"s:43:6:48:Infinity":9,"s:52:2:57:Infinity":10,"f:52:2:52:18":2,"b:53:4:55:Infinity:undefined:undefined:undefined:undefined":3,"s:53:4:55:Infinity":11,"b:53:8:53:36:53:36:53:62":4,"s:54:6:54:Infinity":12,"s:55:6:55:Infinity":13,"s:59:8:63:Infinity":14,"f:59:8:59:20":3,"b:60:4:63:Infinity:62:11:63:Infinity":5,"s:60:4:63:Infinity":15,"s:61:6:61:Infinity":16,"s:63:6:63:Infinity":17,"s:67:2:74:Infinity":18}}}
,"C:\\BoykoBoev\\SoftUni\\SoftUni-AI-Assisted-Development-January-2026\\Exam-Budget-Tracker-App\\client\\src\\hooks\\useBudgetList.ts": {"path":"C:\\BoykoBoev\\SoftUni\\SoftUni-AI-Assisted-Development-January-2026\\Exam-Budget-Tracker-App\\client\\src\\hooks\\useBudgetList.ts","statementMap":{"0":{"start":{"line":18,"column":13},"end":{"line":49,"column":null}},"1":{"start":{"line":19,"column":34},"end":{"line":19,"column":58}},"2":{"start":{"line":20,"column":8},"end":{"line":20,"column":42}},"3":{"start":{"line":21,"column":26},"end":{"line":21,"column":77}},"4":{"start":{"line":23,"column":8},"end":{"line":24,"column":null}},"5":{"start":{"line":24,"column":4},"end":{"line":24,"column":null}},"6":{"start":{"line":27,"column":8},"end":{"line":32,"column":null}},"7":{"start":{"line":28,"column":4},"end":{"line":32,"column":null}},"8":{"start":{"line":30,"column":8},"end":{"line":30,"column":null}},"9":{"start":{"line":35,"column":8},"end":{"line":36,"column":null}},"10":{"start":{"line":36,"column":4},"end":{"line":36,"column":null}},"11":{"start":{"line":39,"column":2},"end":{"line":49,"column":null}}},"fnMap":{"0":{"name":"(anonymous_0)","decl":{"start":{"line":18,"column":13},"end":{"line":18,"column":56}},"loc":{"start":{"line":18,"column":56},"end":{"line":49,"column":null}},"line":18},"1":{"name":"(anonymous_1)","decl":{"start":{"line":23,"column":8},"end":{"line":23,"column":29}},"loc":{"start":{"line":23,"column":50},"end":{"line":24,"column":null}},"line":23},"2":{"name":"(anonymous_2)","decl":{"start":{"line":27,"column":8},"end":{"line":27,"column":31}},"loc":{"start":{"line":27,"column":52},"end":{"line":32,"column":null}},"line":27},"3":{"name":"(anonymous_3)","decl":{"start":{"line":29,"column":6},"end":{"line":29,"column":23}},"loc":{"start":{"line":29,"column":23},"end":{"line":32,"column":6}},"line":29},"4":{"name":"(anonymous_4)","decl":{"start":{"line":35,"column":8},"end":{"line":35,"column":35}},"loc":{"start":{"line":35,"column":35},"end":{"line":36,"column":null}},"line":35}},"branchMap":{"0":{"loc":{"start":{"line":40
[...]
,"C:\\BoykoBoev\\SoftUni\\SoftUni-AI-Assisted-Development-January-2026\\Exam-Budget-Tracker-App\\client\\src\\pages\\BudgetDashboard.tsx": {"path":"C:\\BoykoBoev\\SoftUni\\SoftUni-AI-Assisted-Development-January-2026\\Exam-Budget-Tracker-App\\client\\src\\pages\\BudgetDashboard.tsx","statementMap":{"0":{"start":{"line":7,"column":13},"end":{"line":27,"column":null}},"1":{"start":{"line":13,"column":4},"end":{"line":14,"column":26}},"2":{"start":{"line":16,"column":2},"end":{"line":27,"column":null}}},"fnMap":{"0":{"name":"(anonymous_0)","decl":{"start":{"line":7,"column":13},"end":{"line":7,"column":47}},"loc":{"start":{"line":7,"column":47},"end":{"line":27,"column":null}},"line":7}},"branchMap":{"0":{"loc":{"start":{"line":25,"column":18},"end":{"line":25,"column":null}},"type":"binary-expr","locations":[{"start":{"line":25,"column":18},"end":{"line":25,"column":38}},{"start":{"line":25,"column":38},"end":{"line":25,"column":null}}],"line":25}},"s":{"0":1,"1":5,"2":5},"f":{"0":5},"b":{"0":[5,5]},"meta":{"lastBranch":1,"lastFunction":1,"lastStatement":3,"seen":{"s:7:13:27:Infinity":0,"f:7:13:7:47":0,"s:13:4:14:26":1,"s:16:2:27:Infinity":2,"b:25:18:25:38:25:38:25:Infinity":0}}}
,"C:\\BoykoBoev\\SoftUni\\SoftUni-AI-Assisted-Development-January-2026\\Exam-Budget-Tracker-App\\client\\src\\pages\\Home.tsx": {"path":"C:\\BoykoBoev\\SoftUni\\SoftUni-AI-Assisted-Development-January-2026\\Exam-Budget-Tracker-App\\client\\src\\pages\\Home.tsx","statementMap":{"0":{"start":{"line":7,"column":13},"end":{"line":159,"column":null}},"1":{"start":{"line":8,"column":16},"end":{"line":8,"column":36}},"2":{"start":{"line":9,"column":10},"end":{"line":9,"column":36}},"3":{"start":{"line":10,"column":8},"end":{"line":10,"column":32}},"4":{"start":{"line":12,"column":23},"end":{"line":17,"column":null}},"5":{"start":{"line":13,"column":4},"end":{"line":17,"column":null}},"6":{"start":{"line":14,"column":6},"end":{"line":14,"column":null}},"7":{"start":{"line":15,"column":6},"end":{"line":15,"column":null}},"8":{"start":{"line":16,"column":6},"end":{"line":16,"column":null}},"9":{"start":{"line":23,"column":18},"end":{"line":23,"column":null}},"10":{"start":{"line":24,"column":17},"end":{"line":24,"column":null}},"11":{"start":{"line":25,"column":19},"end":{"line":25,"column":null}},"12":{"start":{"line":27,"column":2},"end":{"line":159,"column":null}}},"fnMap":{"0":{"name":"(anonymous_0)","decl":{"start":{"line":7,"column":13},"end":{"line":7,"column":36}},"loc":{"start":{"line":7,"column":36},"end":{"line":159,"column":null}},"line":7},"1":{"name":"(anonymous_1)","decl":{"start":{"line":12,"column":23},"end":{"line":12,"column":35}},"loc":{"start":{"line":12,"column":35},"end":{"line":17,"column":null}},"line":12}},"branchMap":{"0":{"loc":{"start":{"line":49,"column":29},"end":{"line":49,"column":null}},"type":"binary-expr","locations":[{"start":{"line":49,"column":29},"end":{"line":49,"column":47}},{"start":{"line":49,"column":47},"end":{"line":49,"column":null}}],"line":49},"1":{"loc":{"start":{"line":114,"column":13},"end":{"line":118,"column":null}},"type":"binary-expr","locations":[{"start":{"line":114,"column":13},"end":{"line":114,"column":null}},{"start":{"line":115,"column":14},"end":{"line":118,"column":null}}],"line":114},"2":{"loc":{"start":{"line":120,"column":13},"end":{"line":123,"column":null}},"type":"binary-expr","locations":[{"start":{"line":120,"column":13},"end":{"line":120,"column":null}},{"start":{"line":121,"column":14},"end":{"line":123,"column":null}}],"line":120}},"s":{"0":1,"1":2,"2":2,"3":2,"4":2,"5":1,"6":1,"7":1,"8":1,"9":2,"10":2,"11":2,"12":2},"f":{"0":2,"1":1},"b":{"0":[2,0],"1":[2,2],"2":[2,2]},"meta":{"lastBranch":3,"lastFunction":2,"lastStatement":13,"seen":{"s:7:13:159:Infinity":0,"f:7:13:7:36":0,"s:8:16:8:36":1,"s:9:10:9:36":2,"s:10:8:10:32":3,"s:12:23:17:Infinity":4,"f:12:23:12:35":1,"s:13:4:17:Infinity":5,"s:14:6:14:Infinity":6,"s:15:6:15:Infinity":7,"s:16:6:16:Infinity":8,"s:23:18:23:Infinity":9,"s:24:17:24:Infinity":10,"s:25:19:25:Infinity":11,"s:27:2:159:Infinity":12,"b:49:29:49:47:49:47:49:Infinity":0,"b:114:13:114:Infinity:115:14:118:Infinity":1,"b:120:13:120:Infinity:121:14:123:Infinity":2}}}
,"C:\\BoykoBoev\\SoftUni\\SoftUni-AI-Assisted-Development-January-2026\\Exam-Budget-Tracker-App\\client\\src\\pages\\Login.tsx": {"path":"C:\\BoykoBoev\\SoftUni\\SoftUni-AI-Assisted-Development-January-2026\\Exam-Budget-Tracker-App\\client\\src\\pages\\Login.tsx","statementMap":{"0":{"start":{"line":7,"column":13},"end":{"line":36,"column":null}},"1":{"start":{"line":8,"column":10},"end":{"line":8,"column":39}},"2":{"start":{"line":9,"column":8},"end":{"line":9,"column":32}},"3":{"start":{"line":11,"column":2},"end":{"line":15,"column":null}},"4":{"start":{"line":12,"column":4},"end":{"line":13,"column":null}},"5":{"start":{"line":13,"column":6},"end":{"line":13,"column":null}},"6":{"start":{"line":17,"column":2},"end":{"line":36,"column":null}}},"fnMap":{"0":{"name":"(anonymous_0)","decl":{"start":{"line":7,"column":13},"end":{"line":7,"column":37}},"loc":{"start":{"line":7,"column":37},"end":{"line":36,"column":null}},"line":7},"1":{"name":"(anonymous_1)","decl":{"start":{"line":11,"column":2},"end":{"line":11,"column":18}},"loc":{"start":{"line":11,"column":18},"end":{"line":15,"column":6}},"line":11}},"branchMap":{"0":{"loc":{"start":{"line":12,"column":4},"end":{"line":13,"column":null}},"type":"if","locations":[{"start":{"line":12,"column":4},"end":{"line":13,"column":null}},{"start":{},"end":{}}],"line":12}},"s":{"0":1,"1":2,"2":2,"3":2,"4":2,"5":1,"6":2},"f":{"0":2,"1":2},"b":{"0":[1,1]},"meta":{"lastBranch":1,"lastFunction":2,"lastStatement":7,"seen":{"s:7:13:36:Infinity":0,"f:7:13:7:37":0,"s:8:10:8:39":1,"s:9:8:9:32":2,"s:11:2:15:Infinity":3,"f:11:2:11:18":1,"b:12:4:13:Infinity:undefined:undefined:undefined:undefined":0,"s:12:4:13:Infinity":4,"s:13:6:13:Infinity":5,"s:17:2:36:Infinity":6}}}
,"C:\\BoykoBoev\\SoftUni\\SoftUni-AI-Assisted-Development-January-2026\\Exam-Budget-Tracker-App\\client\\src\\pages\\Register.tsx": {"path":"C:\\BoykoBoev\\SoftUni\\SoftUni-AI-Assisted-Development-January-2026\\Exam-Budget-Tracker-App\\client\\src\\pages\\Register.tsx","statementMap":{"0":{"start":{"line":7,"column":13},"end":{"line":36,"column":null}},"1":{"start":{"line":8,"column":10},"end":{"line":8,"column":39}},"2":{"start":{"line":9,"column":8},"end":{"line":9,"column":32}},"3":{"start":{"line":11,"column":2},"end":{"line":15,"column":null}},"4":{"start":{"line":12,"column":4},"end":{"line":13,"column":null}},"5":{"start":{"line":13,"column":6},"end":{"line":13,"column":null}},"6":{"start":{"line":17,"column":2},"end":{"line":36,"column":null}}},"fnMap":{"0":{"name":"(anonymous_0)","decl":{"start":{"line":7,"column":13},"end":{"line":7,"column":40}},"loc":{"start":{"line":7,"column":40},"end":{"line":36,"column":null}},"line":7},"1":{"name":"(anonymous_1)","decl":{"start":{"line":11,"column":2},"end":{"line":11,"column":18}},"loc":{"start":{"line":11,"column":18},"end":{"line":15,"column":6}},"line":11}},"branchMap":{"0":{"loc":{"start":{"line":12,"column":4},"end":{"line":13,"column":null}},"type":"if","locations":[{"start":{"line":12,"column":4},"end":{"line":13,"column":null}},{"start":{},"end":{}}],"line":12}},"s":{"0":1,"1":2,"2":2,"3":2,"4":2,"5":1,"6":2},"f":{"0":2,"1":2},"b":{"0":[1,1]},"meta":{"lastBranch":1,"lastFunction":2,"lastStatement":7,"seen":{"s:7:13:36:Infinity":0,"f:7:13:7:40":0,"s:8:10:8:39":1,"s:9:8:9:32":2,"s:11:2:15:Infinity":3,"f:11:2:11:18":1,"b:12:4:13:Infinity:undefined:undefined:undefined:undefined":0,"s:12:4:13:Infinity":4,"s:13:6:13:Infinity":5,"s:17:2:36:Infinity":6}}}
,"C:\\BoykoBoev\\SoftUni\\SoftUni-AI-Assisted-Development-January-2026\\Exam-Budget-Tracker-App\\client\\src\\services\\auth.service.ts": {"path":"C:\\BoykoBoev\\SoftUni\\SoftUni-AI-Assisted-Development-January-2026\\Exam-Budget-Tracker-App\\client\\src\\services\\auth.service.ts","statementMap":{"0":{"start":{"line":4,"column":25},"end":{"line":14,"column":null}},"1":{"start":{"line":8,"column":36},"end":{"line":8,"column":null}},"2":{"start":{"line":10,"column":2},"end":{"line":14,"column":null}},"3":{"start":{"line":17,"column":28},"end":{"line":34,"column":null}},"4":{"start":{"line":23,"column":36},"end":{"line":28,"column":null}},"5":{"start":{"line":30,"column":2},"end":{"line":34,"column":null}},"6":{"start":{"line":37,"column":30},"end":{"line":40,"column":null}},"7":{"start":{"line":38,"column":2},"end":{"line":40,"column":null}},"8":{"start":{"line":43,"column":26},"end":{"line":47,"column":null}},"9":{"start":{"line":44,"column":2},"end":{"line":47,"column":null}},"10":{"start":{"line":50,"column":34},"end":{"line":55,"column":null}},"11":{"start":{"line":51,"column":2},"end":{"line":55,"column":null}}},"fnMap":{"0":{"name":"(anonymous_0)","decl":{"start":{"line":4,"column":25},"end":{"line":4,"column":null}},"loc":{"start":{"line":7,"column":28},"end":{"line":14,"column":null}},"line":7},"1":{"name":"(anonymous_1)","decl":{"start":{"line":17,"column":28},"end":{"line":17,"column":null}},"loc":{"start":{"line":22,"column":20},"end":{"line":34,"column":null}},"line":22},"2":{"name":"(anonymous_2)","decl":{"start":{"line":37,"column":30},"end":{"line":37,"column":57}},"loc":{"start":{"line":37,"column":57},"end":{"line":40,"column":null}},"line":37},"3":{"name":"(anonymous_3)","decl":{"start":{"line":43,"column":26},"end":{"line":43,"column":33}},"loc":{"start":{"line":43,"column":87},"end":{"line":47,"column":null}},"line":43},"4":{"name":"(anonymous_4)","decl":{"start":{"line":50,"column":34},"end":{"line":50,"column":41}},"loc":{"start":{"line":50,"column":95},"end":{"line":55,"column":null}},"line":50}},"branchMap":{},"s":{"0":6,"1":1,"2":1,"3":6,"4":1,"5":1,"6":6,"7":1,"8":6,"9":1,"10":6,"11":1},"f":{"0":1,"1":1,"2":1,"3":1,"4":1},"b":{},"meta":{"lastBranch":0,"lastFunction":5,"lastStatement":12,"seen":{"s:4:25:14:Infinity":0,"f:4:25:4:Infinity":0,"s:8:36:8:Infinity":1,"s:10:2:14:Infinity":2,"s:17:28:34:Infinity":3,"f:17:28:17:Infinity":1,"s:23:36:28:Infinity":4,"s:30:2:34:Infinity":5,"s:37:30:40:Infinity":6,"f:37:30:37:57":2,"s:38:2:40:Infinity":7,"s:43:26:47:Infinity":8,"f:43:26:43:33":3,"s:44:2:47:Infinity":9,"s:50:34:55:Infinity":10,"f:50:34:50:41":4,"s:51:2:55:Infinity":11}}}
,"C:\\BoykoBoev\\SoftUni\\SoftUni-AI-Assisted-Development-January-2026\\Exam-Budget-Tracker-App\\client\\src\\services\\budget.service.ts": {"path":"C:\\BoykoBoev\\SoftUni\\SoftUni-AI-Assisted-Development-January-2026\\Exam-Budget-Tracker-App\\client\\src\\services\\budget.service.ts","statementMap":{"0":{"start":{"line":4,"column":23},"end":{"line":4,"column":null}},"1":{"start":{"line":6,"column":29},"end":{"line":63,"column":null}},"2":{"start":{"line":11,"column":4},"end":{"line":13,"column":null}},"3":{"start":{"line":20,"column":4},"end":{"line":22,"column":null}},"4":{"start":{"line":29,"column":4},"end":{"line":32,"column":null}},"5":{"start":{"line":39,"column":4},"end":{"line":42,"column":null}},"6":{"start":{"line":49,"column":4},"end":{"line":52,"column":null}},"7":{"start":{"line":59,"column":4},"end":{"line":61,"column":null}}},"fnMap":{"0":{"name":"(anonymous_0)","decl":{"start":{"line":10,"column":14},"end":{"line":10,"column":55}},"loc":{"start":{"line":10,"column":55},"end":{"line":13,"column":null}},"line":10},"1":{"name":"(anonymous_1)","decl":{"start":{"line":19,"column":17},"end":{"line":19,"column":24}},"loc":{"start":{"line":19,"column":56},"end":{"line":22,"column":null}},"line":19},"2":{"name":"(anonymous_2)","decl":{"start":{"line":28,"column":16},"end":{"line":28,"column":23}},"loc":{"start":{"line":28,"column":73},"end":{"line":32,"column":null}},"line":28},"3":{"name":"(anonymous_3)","decl":{"start":{"line":38,"column":16},"end":{"line":38,"column":23}},"loc":{"start":{"line":38,"column":85},"end":{"line":42,"column":null}},"line":38},"4":{"name":"(anonymous_4)","decl":{"start":{"line":48,"column":23},"end":{"line":48,"column":30}},"loc":{"start":{"line":48,"column":92},"end":{"line":52,"column":null}},"line":48},"5":{"name":"(anonymous_5)","decl":{"start":{"line":58,"column":16},"end":{"line":58,"column":23}},"loc":{"start":{"line":58,"column":53},"end":{"line":61,"column":null}},"line":58}},"branchMap":{},"s":{"0":5,"1":5,"2":1,"3":2,"4":1,"5":1,"6":0,"7":1},"f":{"0":1,"1":2,"2":1,"3":1,"4":0,"5":1},"b":{},"meta":{"lastBranch":0,"lastFunction":6,"lastStatement":8,"seen":{"s:4:23:4:Infinity":0,"s:6:29:63:Infinity":1,"f:10:14:10:55":0,"s:11:4:13:Infinity":2,"f:19:17:19:24":1,"s:20:4:22:Infinity":3,"f:28:16:28:23":2,"s:29:4:32:Infinity":4,"f:38:16:38:23":3,"s:39:4:42:Infinity":5,"f:48:23:48:30":4,"s:49:4:52:Infinity":6,"f:58:16:58:23":5,"s:59:4:61:Infinity":7}}}
,"C:\\BoykoBoev\\SoftUni\\SoftUni-AI-Assisted-Development-January-2026\\Exam-Budget-Tracker-App\\client\\src\\utils\\formErrorHandler.ts": {"path":"C:\\BoykoBoev\\SoftUni\\SoftUni-AI-Assisted-Development-January-2026\\Exam-Budget-Tracker-App\\client\\src\\utils\\formErrorHandler.ts","statementMap":{"0":{"start":{"line":5,"column":2},"end":{"line":5,"column":null}},"1":{"start":{"line":20,"column":2},"end":{"line":36,"column":null}},"2":{"start":{"line":21,"column":22},"end":{"line":21,"column":null}},"3":{"start":{"line":23,"column":4},"end":{"line":34,"column":null}},"4":{"start":{"line":24,"column":6},"end":{"line":32,"column":null}},"5":{"start":{"line":25,"column":8},"end":{"line":25,"column":null}},"6":{"start":{"line":26,"column":17},"end":{"line":32,"column":null}},"7":{"start":{"line":27,"column":8},"end":{"line":27,"column":null}},"8":{"start":{"line":28,"column":17},"end":{"line":32,"column":null}},"9":{"start":{"line":29,"column":27},"end":{"line":29,"column":null}},"10":{"start":{"line":30,"column":8},"end":{"line":32,"column":null}},"11":{"start":{"line":36,"column":4},"end":{"line":36,"column":null}}},"fnMap":{"0":{"name":"formatErrorMessage","decl":{"start":{"line":4,"column":16},"end":{"line":4,"column":35}},"loc":{"start":{"line":4,"column":69},"end":{"line":5,"column":null}},"line":4},"1":{"name":"handleApiFormError","decl":{"start":{"line":14,"column":16},"end":{"line":14,"column":null}},"loc":{"start":{"line":19,"column":8},"end":{"line":36,"column":null}},"line":19},"2":{"name":"(anonymous_2)","decl":{"start":{"line":23,"column":30},"end":{"line":23,"column":39}},"loc":{"start":{"line":23,"column":56},"end":{"line":34,"column":null}},"line":23}},"branchMap":{"0":{"loc":{"start":{"line":5,"column":9},"end":{"line":5,"column":null}},"type":"cond-expr","locations":[{"start":{"line":5,"column":32},"end":{"line":5,"column":43}},{"start":{"line":5,"column":43},"end":{"line":5,"column":null}}],"line":5},"1":{"loc":{"start":{"line":20,"column":2},"end":{"line":36,"column":null}},"type":"if","locations":[{"start":{"line":20,"column":2},"end":{"line":36,"column":null}},{"start":{"line":35,"column":9},"end":{"line":36,"column":null}}],"line":20},"2":{"loc":{"start":{"line":24,"column":6},"end":{"line":32,"column":null}},"type":"if","locations":[{"start":{"line":24,"column":6},"end":{"line":32,"column":null}},{"start":{"line":26,"column":17},"end":{"line":32,"column":null}}],"line":24},"3":{"loc":{"start":{"line":26,"column":17},"end":{"line":32,"column":null}},"type":"if","locations":[{"start":{"line":26,"column":17},"end":{"line":32,"column":null}},{"start":{"line":28,"column":17},"end":{"line":32,"column":null}}],"line":26},"4":{"loc":{"start":{"line":28,"column":17},"end":{"line":32,"column":null}},"type":"if","locations":[{"start":{"line":28,"column":17},"end":{"line":32,"column":null}},{"start":{},"end":{}}],"line":28},"5":{"loc":{"start":{"line":29,"column":27},"end":{"line":29,"column":null}},"type":"binary-expr","locations":[{"start":{"line":29,"column":27},"end":{"line":29,"column":50}},{"start":{"line":29,"column":50},"end":{"line":29,"column":null}}],"line":29}},"s":{"0":2,"1":2,"2":2,"3":2,"4":2,"5":1,"6":1,"7":0,"8":1,"9":1,"10":1,"11":0},"f":{"0":2,"1":2,"2":2},"b":{"0":[1,1],"1":[2,0],"2":[1,1],"3":[0,1],"4":[1,0],"5":[1,1]},"meta":{"lastBranch":6,"lastFunction":3,"lastStatement":12,"seen":{"f:4:16:4:35":0,"s:5:2:5:Infinity":0,"b:5:32:5:43:5:43:5:Infinity":0,"f:14:16:14:Infinity":1,"b:20:2:36:Infinity:35:9:36:Infinity":1,"s:20:2:36:Infinity":1,"s:21:22:21:Infinity":2,"s:23:4:34:Infinity":3,"f:23:30:23:39":2,"b:24:6:32:Infinity:26:17:32:Infinity":2,"s:24:6:32:Infinity":4,"s:25:8:25:Infinity":5,"b:26:17:32:Infinity:28:17:32:Infinity":3,"s:26:17:32:Infinity":6,"s:27:8:27:Infinity":7,"b:28:17:32:Infinity:undefined:undefined:undefined:undefined":4,"s:28:17:32:Infinity":8,"s:29:27:29:Infinity":9,"b:29:27:29:50:29:50:29:Infinity":5,"s:30:8:32:Infinity":10,"s:36:4:36:Infinity":11}}}
,"C:\\BoykoBoev\\SoftUni\\SoftUni-AI-Assisted-Development-January-2026\\Exam-Budget-Tracker-App\\client\\src\\utils\\tokenStorage.ts": {"path":"C:\\BoykoBoev\\SoftUni\\SoftUni-AI-Assisted-Development-January-2026\\Exam-Budget-Tracker-App\\client\\src\\utils\\tokenStorage.ts","statementMap":{"0":{"start":{"line":1,"column":25},"end":{"line":1,"column":null}},"1":{"start":{"line":2,"column":26},"end":{"line":2,"column":null}},"2":{"start":{"line":4,"column":13},"end":{"line":5,"column":null}},"3":{"start":{"line":5,"column":2},"end":{"line":5,"column":null}},"4":{"start":{"line":8,"column":13},"end":{"line":9,"column":null}},"5":{"start":{"line":9,"column":2},"end":{"line":9,"column":null}},"6":{"start":{"line":12,"column":13},"end":{"line":14,"column":null}},"7":{"start":{"line":13,"column":2},"end":{"line":13,"column":null}},"8":{"start":{"line":14,"column":2},"end":{"line":14,"column":null}},"9":{"start":{"line":17,"column":13},"end":{"line":19,"column":null}},"10":{"start":{"line":18,"column":2},"end":{"line":18,"column":null}},"11":{"start":{"line":19,"column":2},"end":{"line":19,"column":null}}},"fnMap":{"0":{"name":"(anonymous_0)","decl":{"start":{"line":4,"column":13},"end":{"line":4,"column":51}},"loc":{"start":{"line":4,"column":51},"end":{"line":5,"column":null}},"line":4},"1":{"name":"(anonymous_1)","decl":{"start":{"line":8,"column":13},"end":{"line":8,"column":52}},"loc":{"start":{"line":8,"column":52},"end":{"line":9,"column":null}},"line":8},"2":{"name":"(anonymous_2)","decl":{"start":{"line":12,"column":13},"end":{"line":12,"column":26}},"loc":{"start":{"line":12,"column":78},"end":{"line":14,"column":null}},"line":12},"3":{"name":"(anonymous_3)","decl":{"start":{"line":17,"column":13},"end":{"line":17,"column":39}},"loc":{"start":{"line":17,"column":39},"end":{"line":19,"column":null}},"line":17}},"branchMap":{},"s":{"0":13,"1":13,"2":13,"3":1,"4":13,"5":1,"6":13,"7":0,"8":0,"9":13,"10":1,"11":1},"f":{"0":1,"1":1,"2":0,"3":1},"b":{},"meta":{"lastBranch":0,"lastFunction":4,"lastStatement":12,"seen":{"s:1:25:1:Infinity":0,"s:2:26:2:Infinity":1,"s:4:13:5:Infinity":2,"f:4:13:4:51":0,"s:5:2:5:Infinity":3,"s:8:13:9:Infinity":4,"f:8:13:8:52":1,"s:9:2:9:Infinity":5,"s:12:13:14:Infinity":6,"f:12:13:12:26":2,"s:13:2:13:Infinity":7,"s:14:2:14:Infinity":8,"s:17:13:19:Infinity":9,"f:17:13:17:39":3,"s:18:2:18:Infinity":10,"s:19:2:19:Infinity":11}}}
}
